{
  "stats": {
    "suites": 2,
    "tests": 18,
    "passes": 18,
    "pending": 0,
    "failures": 0,
    "start": "2022-04-04T19:23:00.813Z",
    "end": "2022-04-04T19:23:00.876Z",
    "duration": 63,
    "testsRegistered": 18,
    "passPercent": 100,
    "pendingPercent": 0,
    "other": 0,
    "hasOther": false,
    "skipped": 0,
    "hasSkipped": false
  },
  "results": [
    {
      "uuid": "c650b625-50a1-47a4-90f0-79c5097ebe34",
      "title": "",
      "fullFile": "",
      "file": "",
      "beforeHooks": [],
      "afterHooks": [],
      "tests": [],
      "suites": [
        {
          "uuid": "9f5c5d01-b72e-4d2a-8fc1-f8709809aeca",
          "title": "Threshold time testing -7801.407204424455- ",
          "fullFile": "",
          "file": "",
          "beforeHooks": [],
          "afterHooks": [],
          "tests": [],
          "suites": [
            {
              "uuid": "e6112f3d-2ef2-42ef-8824-3126455d1937",
              "title": "-3475.1752188454966 - ",
              "fullFile": "",
              "file": "",
              "beforeHooks": [],
              "afterHooks": [],
              "tests": [
                {
                  "title": "Validate if feedback \"alreadyDidItBefore\" finish earlier  than 200 ms",
                  "fullTitle": "Threshold time testing -7801.407204424455-  -3475.1752188454966 -  Validate if feedback \"alreadyDidItBefore\" finish earlier  than 200 ms",
                  "timedOut": false,
                  "duration": 3,
                  "state": "passed",
                  "speed": "fast",
                  "pass": true,
                  "fail": false,
                  "pending": false,
                  "context": null,
                  "code": "var self = this, args = arguments; return new Promise(function (resolve, reject) { var gen = fn.apply(self, args); function _next(value) { asyncGeneratorStep(gen, resolve, reject, _next, _throw, \"next\", value); } function _throw(err) { asyncGeneratorStep(gen, resolve, reject, _next, _throw, \"throw\", err); } _next(undefined); });",
                  "err": {},
                  "uuid": "0bab5146-48ba-46a0-870f-13e855225f39",
                  "parentUUID": "e6112f3d-2ef2-42ef-8824-3126455d1937",
                  "isHook": false,
                  "skipped": false
                },
                {
                  "title": "Validate if feedback \"frequemcy\" finish earlier  than 200 ms",
                  "fullTitle": "Threshold time testing -7801.407204424455-  -3475.1752188454966 -  Validate if feedback \"frequemcy\" finish earlier  than 200 ms",
                  "timedOut": false,
                  "duration": 3,
                  "state": "passed",
                  "speed": "fast",
                  "pass": true,
                  "fail": false,
                  "pending": false,
                  "context": null,
                  "code": "var self = this, args = arguments; return new Promise(function (resolve, reject) { var gen = fn.apply(self, args); function _next(value) { asyncGeneratorStep(gen, resolve, reject, _next, _throw, \"next\", value); } function _throw(err) { asyncGeneratorStep(gen, resolve, reject, _next, _throw, \"throw\", err); } _next(undefined); });",
                  "err": {},
                  "uuid": "56b285d4-1817-467e-8242-0c478a900cf5",
                  "parentUUID": "e6112f3d-2ef2-42ef-8824-3126455d1937",
                  "isHook": false,
                  "skipped": false
                },
                {
                  "title": "Validate if feedback \"hint\" finish earlier  than 100 ms",
                  "fullTitle": "Threshold time testing -7801.407204424455-  -3475.1752188454966 -  Validate if feedback \"hint\" finish earlier  than 100 ms",
                  "timedOut": false,
                  "duration": 2,
                  "state": "passed",
                  "speed": "fast",
                  "pass": true,
                  "fail": false,
                  "pending": false,
                  "context": null,
                  "code": "var self = this, args = arguments; return new Promise(function (resolve, reject) { var gen = fn.apply(self, args); function _next(value) { asyncGeneratorStep(gen, resolve, reject, _next, _throw, \"next\", value); } function _throw(err) { asyncGeneratorStep(gen, resolve, reject, _next, _throw, \"throw\", err); } _next(undefined); });",
                  "err": {},
                  "uuid": "5578ef0e-b65a-4b60-a595-490df46b0b91",
                  "parentUUID": "e6112f3d-2ef2-42ef-8824-3126455d1937",
                  "isHook": false,
                  "skipped": false
                },
                {
                  "title": "Validate if feedback \"inputTestCase\" finish earlier  than 200 ms",
                  "fullTitle": "Threshold time testing -7801.407204424455-  -3475.1752188454966 -  Validate if feedback \"inputTestCase\" finish earlier  than 200 ms",
                  "timedOut": false,
                  "duration": 2,
                  "state": "passed",
                  "speed": "fast",
                  "pass": true,
                  "fail": false,
                  "pending": false,
                  "context": null,
                  "code": "var self = this, args = arguments; return new Promise(function (resolve, reject) { var gen = fn.apply(self, args); function _next(value) { asyncGeneratorStep(gen, resolve, reject, _next, _throw, \"next\", value); } function _throw(err) { asyncGeneratorStep(gen, resolve, reject, _next, _throw, \"throw\", err); } _next(undefined); });",
                  "err": {},
                  "uuid": "9e48950a-4b8d-48f3-9e6a-c86bc6fcafd3",
                  "parentUUID": "e6112f3d-2ef2-42ef-8824-3126455d1937",
                  "isHook": false,
                  "skipped": false
                },
                {
                  "title": "Validate if feedback \"motivate\" finish earlier  than 200 ms",
                  "fullTitle": "Threshold time testing -7801.407204424455-  -3475.1752188454966 -  Validate if feedback \"motivate\" finish earlier  than 200 ms",
                  "timedOut": false,
                  "duration": 2,
                  "state": "passed",
                  "speed": "fast",
                  "pass": true,
                  "fail": false,
                  "pending": false,
                  "context": null,
                  "code": "var self = this, args = arguments; return new Promise(function (resolve, reject) { var gen = fn.apply(self, args); function _next(value) { asyncGeneratorStep(gen, resolve, reject, _next, _throw, \"next\", value); } function _throw(err) { asyncGeneratorStep(gen, resolve, reject, _next, _throw, \"throw\", err); } _next(undefined); });",
                  "err": {},
                  "uuid": "ff102314-e5f6-46b0-ad1c-342b99c35531",
                  "parentUUID": "e6112f3d-2ef2-42ef-8824-3126455d1937",
                  "isHook": false,
                  "skipped": false
                },
                {
                  "title": "Validate if feedback \"motivateHarder\" finish earlier  than 200 ms",
                  "fullTitle": "Threshold time testing -7801.407204424455-  -3475.1752188454966 -  Validate if feedback \"motivateHarder\" finish earlier  than 200 ms",
                  "timedOut": false,
                  "duration": 3,
                  "state": "passed",
                  "speed": "fast",
                  "pass": true,
                  "fail": false,
                  "pending": false,
                  "context": null,
                  "code": "var self = this, args = arguments; return new Promise(function (resolve, reject) { var gen = fn.apply(self, args); function _next(value) { asyncGeneratorStep(gen, resolve, reject, _next, _throw, \"next\", value); } function _throw(err) { asyncGeneratorStep(gen, resolve, reject, _next, _throw, \"throw\", err); } _next(undefined); });",
                  "err": {},
                  "uuid": "cd095337-2479-4e39-b842-f951f3dc84eb",
                  "parentUUID": "e6112f3d-2ef2-42ef-8824-3126455d1937",
                  "isHook": false,
                  "skipped": false
                },
                {
                  "title": "Validate if feedback \"outputTestCase\" finish earlier  than 200 ms",
                  "fullTitle": "Threshold time testing -7801.407204424455-  -3475.1752188454966 -  Validate if feedback \"outputTestCase\" finish earlier  than 200 ms",
                  "timedOut": false,
                  "duration": 3,
                  "state": "passed",
                  "speed": "fast",
                  "pass": true,
                  "fail": false,
                  "pending": false,
                  "context": null,
                  "code": "var self = this, args = arguments; return new Promise(function (resolve, reject) { var gen = fn.apply(self, args); function _next(value) { asyncGeneratorStep(gen, resolve, reject, _next, _throw, \"next\", value); } function _throw(err) { asyncGeneratorStep(gen, resolve, reject, _next, _throw, \"throw\", err); } _next(undefined); });",
                  "err": {},
                  "uuid": "930148f4-2a3d-4855-bb4f-d7aa2a74e70e",
                  "parentUUID": "e6112f3d-2ef2-42ef-8824-3126455d1937",
                  "isHook": false,
                  "skipped": false
                },
                {
                  "title": "Validate if feedback \"percentage\" finish earlier  than 200 ms",
                  "fullTitle": "Threshold time testing -7801.407204424455-  -3475.1752188454966 -  Validate if feedback \"percentage\" finish earlier  than 200 ms",
                  "timedOut": false,
                  "duration": 3,
                  "state": "passed",
                  "speed": "fast",
                  "pass": true,
                  "fail": false,
                  "pending": false,
                  "context": null,
                  "code": "var self = this, args = arguments; return new Promise(function (resolve, reject) { var gen = fn.apply(self, args); function _next(value) { asyncGeneratorStep(gen, resolve, reject, _next, _throw, \"next\", value); } function _throw(err) { asyncGeneratorStep(gen, resolve, reject, _next, _throw, \"throw\", err); } _next(undefined); });",
                  "err": {},
                  "uuid": "3935b160-2513-4bec-8e40-f0e28d48443c",
                  "parentUUID": "e6112f3d-2ef2-42ef-8824-3126455d1937",
                  "isHook": false,
                  "skipped": false
                },
                {
                  "title": "Validate if feedback \"submissionNumbers\" finish earlier  than 200 ms",
                  "fullTitle": "Threshold time testing -7801.407204424455-  -3475.1752188454966 -  Validate if feedback \"submissionNumbers\" finish earlier  than 200 ms",
                  "timedOut": false,
                  "duration": 3,
                  "state": "passed",
                  "speed": "fast",
                  "pass": true,
                  "fail": false,
                  "pending": false,
                  "context": null,
                  "code": "var self = this, args = arguments; return new Promise(function (resolve, reject) { var gen = fn.apply(self, args); function _next(value) { asyncGeneratorStep(gen, resolve, reject, _next, _throw, \"next\", value); } function _throw(err) { asyncGeneratorStep(gen, resolve, reject, _next, _throw, \"throw\", err); } _next(undefined); });",
                  "err": {},
                  "uuid": "3ff6b410-b6fc-4e79-9fc6-ff4ee0df934a",
                  "parentUUID": "e6112f3d-2ef2-42ef-8824-3126455d1937",
                  "isHook": false,
                  "skipped": false
                },
                {
                  "title": "Validate if feedback \"alreadyDidItBefore\" finish earlier  than 200 ms",
                  "fullTitle": "Threshold time testing -7801.407204424455-  -3475.1752188454966 -  Validate if feedback \"alreadyDidItBefore\" finish earlier  than 200 ms",
                  "timedOut": false,
                  "duration": 2,
                  "state": "passed",
                  "speed": "fast",
                  "pass": true,
                  "fail": false,
                  "pending": false,
                  "context": null,
                  "code": "var self = this, args = arguments; return new Promise(function (resolve, reject) { var gen = fn.apply(self, args); function _next(value) { asyncGeneratorStep(gen, resolve, reject, _next, _throw, \"next\", value); } function _throw(err) { asyncGeneratorStep(gen, resolve, reject, _next, _throw, \"throw\", err); } _next(undefined); });",
                  "err": {},
                  "uuid": "efcb1235-b814-4502-86ca-9b57bf53be34",
                  "parentUUID": "e6112f3d-2ef2-42ef-8824-3126455d1937",
                  "isHook": false,
                  "skipped": false
                },
                {
                  "title": "Validate if feedback \"frequemcy\" finish earlier  than 200 ms",
                  "fullTitle": "Threshold time testing -7801.407204424455-  -3475.1752188454966 -  Validate if feedback \"frequemcy\" finish earlier  than 200 ms",
                  "timedOut": false,
                  "duration": 2,
                  "state": "passed",
                  "speed": "fast",
                  "pass": true,
                  "fail": false,
                  "pending": false,
                  "context": null,
                  "code": "var self = this, args = arguments; return new Promise(function (resolve, reject) { var gen = fn.apply(self, args); function _next(value) { asyncGeneratorStep(gen, resolve, reject, _next, _throw, \"next\", value); } function _throw(err) { asyncGeneratorStep(gen, resolve, reject, _next, _throw, \"throw\", err); } _next(undefined); });",
                  "err": {},
                  "uuid": "52dc007d-b764-436b-a81a-5fb2d349cdcf",
                  "parentUUID": "e6112f3d-2ef2-42ef-8824-3126455d1937",
                  "isHook": false,
                  "skipped": false
                },
                {
                  "title": "Validate if feedback \"hint\" finish earlier  than 100 ms",
                  "fullTitle": "Threshold time testing -7801.407204424455-  -3475.1752188454966 -  Validate if feedback \"hint\" finish earlier  than 100 ms",
                  "timedOut": false,
                  "duration": 3,
                  "state": "passed",
                  "speed": "fast",
                  "pass": true,
                  "fail": false,
                  "pending": false,
                  "context": null,
                  "code": "var self = this, args = arguments; return new Promise(function (resolve, reject) { var gen = fn.apply(self, args); function _next(value) { asyncGeneratorStep(gen, resolve, reject, _next, _throw, \"next\", value); } function _throw(err) { asyncGeneratorStep(gen, resolve, reject, _next, _throw, \"throw\", err); } _next(undefined); });",
                  "err": {},
                  "uuid": "ef3077e3-1ffc-4372-8513-13e91258fdd2",
                  "parentUUID": "e6112f3d-2ef2-42ef-8824-3126455d1937",
                  "isHook": false,
                  "skipped": false
                },
                {
                  "title": "Validate if feedback \"inputTestCase\" finish earlier  than 200 ms",
                  "fullTitle": "Threshold time testing -7801.407204424455-  -3475.1752188454966 -  Validate if feedback \"inputTestCase\" finish earlier  than 200 ms",
                  "timedOut": false,
                  "duration": 4,
                  "state": "passed",
                  "speed": "fast",
                  "pass": true,
                  "fail": false,
                  "pending": false,
                  "context": null,
                  "code": "var self = this, args = arguments; return new Promise(function (resolve, reject) { var gen = fn.apply(self, args); function _next(value) { asyncGeneratorStep(gen, resolve, reject, _next, _throw, \"next\", value); } function _throw(err) { asyncGeneratorStep(gen, resolve, reject, _next, _throw, \"throw\", err); } _next(undefined); });",
                  "err": {},
                  "uuid": "32663a2e-e658-40c8-a892-ece24b0e3985",
                  "parentUUID": "e6112f3d-2ef2-42ef-8824-3126455d1937",
                  "isHook": false,
                  "skipped": false
                },
                {
                  "title": "Validate if feedback \"motivate\" finish earlier  than 200 ms",
                  "fullTitle": "Threshold time testing -7801.407204424455-  -3475.1752188454966 -  Validate if feedback \"motivate\" finish earlier  than 200 ms",
                  "timedOut": false,
                  "duration": 3,
                  "state": "passed",
                  "speed": "fast",
                  "pass": true,
                  "fail": false,
                  "pending": false,
                  "context": null,
                  "code": "var self = this, args = arguments; return new Promise(function (resolve, reject) { var gen = fn.apply(self, args); function _next(value) { asyncGeneratorStep(gen, resolve, reject, _next, _throw, \"next\", value); } function _throw(err) { asyncGeneratorStep(gen, resolve, reject, _next, _throw, \"throw\", err); } _next(undefined); });",
                  "err": {},
                  "uuid": "6c56f5c7-ca11-4639-ba01-695e769c5c50",
                  "parentUUID": "e6112f3d-2ef2-42ef-8824-3126455d1937",
                  "isHook": false,
                  "skipped": false
                },
                {
                  "title": "Validate if feedback \"motivateHarder\" finish earlier  than 200 ms",
                  "fullTitle": "Threshold time testing -7801.407204424455-  -3475.1752188454966 -  Validate if feedback \"motivateHarder\" finish earlier  than 200 ms",
                  "timedOut": false,
                  "duration": 3,
                  "state": "passed",
                  "speed": "fast",
                  "pass": true,
                  "fail": false,
                  "pending": false,
                  "context": null,
                  "code": "var self = this, args = arguments; return new Promise(function (resolve, reject) { var gen = fn.apply(self, args); function _next(value) { asyncGeneratorStep(gen, resolve, reject, _next, _throw, \"next\", value); } function _throw(err) { asyncGeneratorStep(gen, resolve, reject, _next, _throw, \"throw\", err); } _next(undefined); });",
                  "err": {},
                  "uuid": "b56ddb39-9b43-4962-9920-c10c74d023d5",
                  "parentUUID": "e6112f3d-2ef2-42ef-8824-3126455d1937",
                  "isHook": false,
                  "skipped": false
                },
                {
                  "title": "Validate if feedback \"outputTestCase\" finish earlier  than 200 ms",
                  "fullTitle": "Threshold time testing -7801.407204424455-  -3475.1752188454966 -  Validate if feedback \"outputTestCase\" finish earlier  than 200 ms",
                  "timedOut": false,
                  "duration": 3,
                  "state": "passed",
                  "speed": "fast",
                  "pass": true,
                  "fail": false,
                  "pending": false,
                  "context": null,
                  "code": "var self = this, args = arguments; return new Promise(function (resolve, reject) { var gen = fn.apply(self, args); function _next(value) { asyncGeneratorStep(gen, resolve, reject, _next, _throw, \"next\", value); } function _throw(err) { asyncGeneratorStep(gen, resolve, reject, _next, _throw, \"throw\", err); } _next(undefined); });",
                  "err": {},
                  "uuid": "8e76b9e1-9221-4371-9840-da2bd86f4eb8",
                  "parentUUID": "e6112f3d-2ef2-42ef-8824-3126455d1937",
                  "isHook": false,
                  "skipped": false
                },
                {
                  "title": "Validate if feedback \"percentage\" finish earlier  than 200 ms",
                  "fullTitle": "Threshold time testing -7801.407204424455-  -3475.1752188454966 -  Validate if feedback \"percentage\" finish earlier  than 200 ms",
                  "timedOut": false,
                  "duration": 5,
                  "state": "passed",
                  "speed": "fast",
                  "pass": true,
                  "fail": false,
                  "pending": false,
                  "context": null,
                  "code": "var self = this, args = arguments; return new Promise(function (resolve, reject) { var gen = fn.apply(self, args); function _next(value) { asyncGeneratorStep(gen, resolve, reject, _next, _throw, \"next\", value); } function _throw(err) { asyncGeneratorStep(gen, resolve, reject, _next, _throw, \"throw\", err); } _next(undefined); });",
                  "err": {},
                  "uuid": "9cc933a2-800a-40e1-9863-69f7a0aeccf8",
                  "parentUUID": "e6112f3d-2ef2-42ef-8824-3126455d1937",
                  "isHook": false,
                  "skipped": false
                },
                {
                  "title": "Validate if feedback \"submissionNumbers\" finish earlier  than 200 ms",
                  "fullTitle": "Threshold time testing -7801.407204424455-  -3475.1752188454966 -  Validate if feedback \"submissionNumbers\" finish earlier  than 200 ms",
                  "timedOut": false,
                  "duration": 2,
                  "state": "passed",
                  "speed": "fast",
                  "pass": true,
                  "fail": false,
                  "pending": false,
                  "context": null,
                  "code": "var self = this, args = arguments; return new Promise(function (resolve, reject) { var gen = fn.apply(self, args); function _next(value) { asyncGeneratorStep(gen, resolve, reject, _next, _throw, \"next\", value); } function _throw(err) { asyncGeneratorStep(gen, resolve, reject, _next, _throw, \"throw\", err); } _next(undefined); });",
                  "err": {},
                  "uuid": "90c066f2-d5f9-4efe-9cbb-9588050fff77",
                  "parentUUID": "e6112f3d-2ef2-42ef-8824-3126455d1937",
                  "isHook": false,
                  "skipped": false
                }
              ],
              "suites": [],
              "passes": [
                "0bab5146-48ba-46a0-870f-13e855225f39",
                "56b285d4-1817-467e-8242-0c478a900cf5",
                "5578ef0e-b65a-4b60-a595-490df46b0b91",
                "9e48950a-4b8d-48f3-9e6a-c86bc6fcafd3",
                "ff102314-e5f6-46b0-ad1c-342b99c35531",
                "cd095337-2479-4e39-b842-f951f3dc84eb",
                "930148f4-2a3d-4855-bb4f-d7aa2a74e70e",
                "3935b160-2513-4bec-8e40-f0e28d48443c",
                "3ff6b410-b6fc-4e79-9fc6-ff4ee0df934a",
                "efcb1235-b814-4502-86ca-9b57bf53be34",
                "52dc007d-b764-436b-a81a-5fb2d349cdcf",
                "ef3077e3-1ffc-4372-8513-13e91258fdd2",
                "32663a2e-e658-40c8-a892-ece24b0e3985",
                "6c56f5c7-ca11-4639-ba01-695e769c5c50",
                "b56ddb39-9b43-4962-9920-c10c74d023d5",
                "8e76b9e1-9221-4371-9840-da2bd86f4eb8",
                "9cc933a2-800a-40e1-9863-69f7a0aeccf8",
                "90c066f2-d5f9-4efe-9cbb-9588050fff77"
              ],
              "failures": [],
              "pending": [],
              "skipped": [],
              "duration": 51,
              "root": false,
              "rootEmpty": false,
              "_timeout": 200000
            }
          ],
          "passes": [],
          "failures": [],
          "pending": [],
          "skipped": [],
          "duration": 0,
          "root": false,
          "rootEmpty": false,
          "_timeout": 200000
        }
      ],
      "passes": [],
      "failures": [],
      "pending": [],
      "skipped": [],
      "duration": 0,
      "root": true,
      "rootEmpty": true,
      "_timeout": 200000
    }
  ],
  "meta": {
    "mocha": {
      "version": "9.2.1"
    },
    "mochawesome": {
      "options": {
        "quiet": false,
        "reportFilename": "mochawesome",
        "saveHtml": true,
        "saveJson": true,
        "consoleReporter": "spec",
        "useInlineDiffs": false,
        "code": true
      },
      "version": "7.0.1"
    },
    "marge": {
      "options": {
        "reportDir": "/mnt/e/INESC TEC/feedback-manager/public/execution-report/2022/04/04/20/23/00",
        "reportTitle": "Test Execution Report",
        "reportPageTitle": "Test Report",
        "charts": true
      },
      "version": "6.0.1"
    }
  }
}