{
  "stats": {
    "suites": 2,
    "tests": 45,
    "passes": 45,
    "pending": 0,
    "failures": 0,
    "start": "2022-04-04T19:21:07.416Z",
    "end": "2022-04-04T19:21:07.761Z",
    "duration": 345,
    "testsRegistered": 45,
    "passPercent": 100,
    "pendingPercent": 0,
    "other": 0,
    "hasOther": false,
    "skipped": 0,
    "hasSkipped": false
  },
  "results": [
    {
      "uuid": "aa964409-5f74-40dc-97c9-d306bbef6f69",
      "title": "",
      "fullFile": "",
      "file": "",
      "beforeHooks": [],
      "afterHooks": [],
      "tests": [],
      "suites": [
        {
          "uuid": "a08a667f-eb59-45d6-9647-df1ed6e55025",
          "title": "Threshold time testing -4403.216258394542- ",
          "fullFile": "",
          "file": "",
          "beforeHooks": [],
          "afterHooks": [],
          "tests": [],
          "suites": [
            {
              "uuid": "5861a49e-2eb0-4c34-8891-9fd4c5fb8682",
              "title": " First Class of Feedback",
              "fullFile": "",
              "file": "",
              "beforeHooks": [],
              "afterHooks": [],
              "tests": [
                {
                  "title": "Validate if feedback \"alreadyDidItBefore\" finish earlier  than 200 ms",
                  "fullTitle": "Threshold time testing -4403.216258394542-   First Class of Feedback Validate if feedback \"alreadyDidItBefore\" finish earlier  than 200 ms",
                  "timedOut": false,
                  "duration": 5,
                  "state": "passed",
                  "speed": "fast",
                  "pass": true,
                  "fail": false,
                  "pending": false,
                  "context": null,
                  "code": "var self = this, args = arguments; return new Promise(function (resolve, reject) { var gen = fn.apply(self, args); function _next(value) { asyncGeneratorStep(gen, resolve, reject, _next, _throw, \"next\", value); } function _throw(err) { asyncGeneratorStep(gen, resolve, reject, _next, _throw, \"throw\", err); } _next(undefined); });",
                  "err": {},
                  "uuid": "179322ab-b890-4e85-856e-6a0a9de4689c",
                  "parentUUID": "5861a49e-2eb0-4c34-8891-9fd4c5fb8682",
                  "isHook": false,
                  "skipped": false
                },
                {
                  "title": "Validate if feedback \"frequemcy\" finish earlier  than 200 ms",
                  "fullTitle": "Threshold time testing -4403.216258394542-   First Class of Feedback Validate if feedback \"frequemcy\" finish earlier  than 200 ms",
                  "timedOut": false,
                  "duration": 5,
                  "state": "passed",
                  "speed": "fast",
                  "pass": true,
                  "fail": false,
                  "pending": false,
                  "context": null,
                  "code": "var self = this, args = arguments; return new Promise(function (resolve, reject) { var gen = fn.apply(self, args); function _next(value) { asyncGeneratorStep(gen, resolve, reject, _next, _throw, \"next\", value); } function _throw(err) { asyncGeneratorStep(gen, resolve, reject, _next, _throw, \"throw\", err); } _next(undefined); });",
                  "err": {},
                  "uuid": "e47d2602-6184-4066-919b-e5065eabf496",
                  "parentUUID": "5861a49e-2eb0-4c34-8891-9fd4c5fb8682",
                  "isHook": false,
                  "skipped": false
                },
                {
                  "title": "Validate if feedback \"hint\" finish earlier  than 100 ms",
                  "fullTitle": "Threshold time testing -4403.216258394542-   First Class of Feedback Validate if feedback \"hint\" finish earlier  than 100 ms",
                  "timedOut": false,
                  "duration": 7,
                  "state": "passed",
                  "speed": "fast",
                  "pass": true,
                  "fail": false,
                  "pending": false,
                  "context": null,
                  "code": "var self = this, args = arguments; return new Promise(function (resolve, reject) { var gen = fn.apply(self, args); function _next(value) { asyncGeneratorStep(gen, resolve, reject, _next, _throw, \"next\", value); } function _throw(err) { asyncGeneratorStep(gen, resolve, reject, _next, _throw, \"throw\", err); } _next(undefined); });",
                  "err": {},
                  "uuid": "8d1d9a03-394a-427a-b973-140bfe69aa9c",
                  "parentUUID": "5861a49e-2eb0-4c34-8891-9fd4c5fb8682",
                  "isHook": false,
                  "skipped": false
                },
                {
                  "title": "Validate if feedback \"inputTestCase\" finish earlier  than 200 ms",
                  "fullTitle": "Threshold time testing -4403.216258394542-   First Class of Feedback Validate if feedback \"inputTestCase\" finish earlier  than 200 ms",
                  "timedOut": false,
                  "duration": 8,
                  "state": "passed",
                  "speed": "fast",
                  "pass": true,
                  "fail": false,
                  "pending": false,
                  "context": null,
                  "code": "var self = this, args = arguments; return new Promise(function (resolve, reject) { var gen = fn.apply(self, args); function _next(value) { asyncGeneratorStep(gen, resolve, reject, _next, _throw, \"next\", value); } function _throw(err) { asyncGeneratorStep(gen, resolve, reject, _next, _throw, \"throw\", err); } _next(undefined); });",
                  "err": {},
                  "uuid": "0646295d-a64d-4ed6-8685-ff2f60b29908",
                  "parentUUID": "5861a49e-2eb0-4c34-8891-9fd4c5fb8682",
                  "isHook": false,
                  "skipped": false
                },
                {
                  "title": "Validate if feedback \"motivate\" finish earlier  than 200 ms",
                  "fullTitle": "Threshold time testing -4403.216258394542-   First Class of Feedback Validate if feedback \"motivate\" finish earlier  than 200 ms",
                  "timedOut": false,
                  "duration": 8,
                  "state": "passed",
                  "speed": "fast",
                  "pass": true,
                  "fail": false,
                  "pending": false,
                  "context": null,
                  "code": "var self = this, args = arguments; return new Promise(function (resolve, reject) { var gen = fn.apply(self, args); function _next(value) { asyncGeneratorStep(gen, resolve, reject, _next, _throw, \"next\", value); } function _throw(err) { asyncGeneratorStep(gen, resolve, reject, _next, _throw, \"throw\", err); } _next(undefined); });",
                  "err": {},
                  "uuid": "c3d8c40d-6274-4cb5-bc34-39bf2fb4cd79",
                  "parentUUID": "5861a49e-2eb0-4c34-8891-9fd4c5fb8682",
                  "isHook": false,
                  "skipped": false
                },
                {
                  "title": "Validate if feedback \"motivateHarder\" finish earlier  than 200 ms",
                  "fullTitle": "Threshold time testing -4403.216258394542-   First Class of Feedback Validate if feedback \"motivateHarder\" finish earlier  than 200 ms",
                  "timedOut": false,
                  "duration": 5,
                  "state": "passed",
                  "speed": "fast",
                  "pass": true,
                  "fail": false,
                  "pending": false,
                  "context": null,
                  "code": "var self = this, args = arguments; return new Promise(function (resolve, reject) { var gen = fn.apply(self, args); function _next(value) { asyncGeneratorStep(gen, resolve, reject, _next, _throw, \"next\", value); } function _throw(err) { asyncGeneratorStep(gen, resolve, reject, _next, _throw, \"throw\", err); } _next(undefined); });",
                  "err": {},
                  "uuid": "06e3cf44-280b-496b-85e3-41c98b51e131",
                  "parentUUID": "5861a49e-2eb0-4c34-8891-9fd4c5fb8682",
                  "isHook": false,
                  "skipped": false
                },
                {
                  "title": "Validate if feedback \"outputTestCase\" finish earlier  than 200 ms",
                  "fullTitle": "Threshold time testing -4403.216258394542-   First Class of Feedback Validate if feedback \"outputTestCase\" finish earlier  than 200 ms",
                  "timedOut": false,
                  "duration": 5,
                  "state": "passed",
                  "speed": "fast",
                  "pass": true,
                  "fail": false,
                  "pending": false,
                  "context": null,
                  "code": "var self = this, args = arguments; return new Promise(function (resolve, reject) { var gen = fn.apply(self, args); function _next(value) { asyncGeneratorStep(gen, resolve, reject, _next, _throw, \"next\", value); } function _throw(err) { asyncGeneratorStep(gen, resolve, reject, _next, _throw, \"throw\", err); } _next(undefined); });",
                  "err": {},
                  "uuid": "9a05abb8-dfdd-43c3-a3fa-d279f9768258",
                  "parentUUID": "5861a49e-2eb0-4c34-8891-9fd4c5fb8682",
                  "isHook": false,
                  "skipped": false
                },
                {
                  "title": "Validate if feedback \"percentage\" finish earlier  than 200 ms",
                  "fullTitle": "Threshold time testing -4403.216258394542-   First Class of Feedback Validate if feedback \"percentage\" finish earlier  than 200 ms",
                  "timedOut": false,
                  "duration": 6,
                  "state": "passed",
                  "speed": "fast",
                  "pass": true,
                  "fail": false,
                  "pending": false,
                  "context": null,
                  "code": "var self = this, args = arguments; return new Promise(function (resolve, reject) { var gen = fn.apply(self, args); function _next(value) { asyncGeneratorStep(gen, resolve, reject, _next, _throw, \"next\", value); } function _throw(err) { asyncGeneratorStep(gen, resolve, reject, _next, _throw, \"throw\", err); } _next(undefined); });",
                  "err": {},
                  "uuid": "f7e091f7-76bb-4784-abb4-3a7b3a9f23f9",
                  "parentUUID": "5861a49e-2eb0-4c34-8891-9fd4c5fb8682",
                  "isHook": false,
                  "skipped": false
                },
                {
                  "title": "Validate if feedback \"submissionNumbers\" finish earlier  than 200 ms",
                  "fullTitle": "Threshold time testing -4403.216258394542-   First Class of Feedback Validate if feedback \"submissionNumbers\" finish earlier  than 200 ms",
                  "timedOut": false,
                  "duration": 5,
                  "state": "passed",
                  "speed": "fast",
                  "pass": true,
                  "fail": false,
                  "pending": false,
                  "context": null,
                  "code": "var self = this, args = arguments; return new Promise(function (resolve, reject) { var gen = fn.apply(self, args); function _next(value) { asyncGeneratorStep(gen, resolve, reject, _next, _throw, \"next\", value); } function _throw(err) { asyncGeneratorStep(gen, resolve, reject, _next, _throw, \"throw\", err); } _next(undefined); });",
                  "err": {},
                  "uuid": "40e5ad71-8fd5-4a95-bf5f-2527a1a2f4e6",
                  "parentUUID": "5861a49e-2eb0-4c34-8891-9fd4c5fb8682",
                  "isHook": false,
                  "skipped": false
                },
                {
                  "title": "Validate if feedback \"alreadyDidItBefore\" finish earlier  than 200 ms",
                  "fullTitle": "Threshold time testing -4403.216258394542-   First Class of Feedback Validate if feedback \"alreadyDidItBefore\" finish earlier  than 200 ms",
                  "timedOut": false,
                  "duration": 5,
                  "state": "passed",
                  "speed": "fast",
                  "pass": true,
                  "fail": false,
                  "pending": false,
                  "context": null,
                  "code": "var self = this, args = arguments; return new Promise(function (resolve, reject) { var gen = fn.apply(self, args); function _next(value) { asyncGeneratorStep(gen, resolve, reject, _next, _throw, \"next\", value); } function _throw(err) { asyncGeneratorStep(gen, resolve, reject, _next, _throw, \"throw\", err); } _next(undefined); });",
                  "err": {},
                  "uuid": "59fe6a8c-9d90-4a44-9fc7-1915b2a955be",
                  "parentUUID": "5861a49e-2eb0-4c34-8891-9fd4c5fb8682",
                  "isHook": false,
                  "skipped": false
                },
                {
                  "title": "Validate if feedback \"frequemcy\" finish earlier  than 200 ms",
                  "fullTitle": "Threshold time testing -4403.216258394542-   First Class of Feedback Validate if feedback \"frequemcy\" finish earlier  than 200 ms",
                  "timedOut": false,
                  "duration": 5,
                  "state": "passed",
                  "speed": "fast",
                  "pass": true,
                  "fail": false,
                  "pending": false,
                  "context": null,
                  "code": "var self = this, args = arguments; return new Promise(function (resolve, reject) { var gen = fn.apply(self, args); function _next(value) { asyncGeneratorStep(gen, resolve, reject, _next, _throw, \"next\", value); } function _throw(err) { asyncGeneratorStep(gen, resolve, reject, _next, _throw, \"throw\", err); } _next(undefined); });",
                  "err": {},
                  "uuid": "c658d868-0d59-44bd-b48c-a7f85c8d2e94",
                  "parentUUID": "5861a49e-2eb0-4c34-8891-9fd4c5fb8682",
                  "isHook": false,
                  "skipped": false
                },
                {
                  "title": "Validate if feedback \"hint\" finish earlier  than 100 ms",
                  "fullTitle": "Threshold time testing -4403.216258394542-   First Class of Feedback Validate if feedback \"hint\" finish earlier  than 100 ms",
                  "timedOut": false,
                  "duration": 4,
                  "state": "passed",
                  "speed": "fast",
                  "pass": true,
                  "fail": false,
                  "pending": false,
                  "context": null,
                  "code": "var self = this, args = arguments; return new Promise(function (resolve, reject) { var gen = fn.apply(self, args); function _next(value) { asyncGeneratorStep(gen, resolve, reject, _next, _throw, \"next\", value); } function _throw(err) { asyncGeneratorStep(gen, resolve, reject, _next, _throw, \"throw\", err); } _next(undefined); });",
                  "err": {},
                  "uuid": "4d318c22-2dd9-43ec-bcc4-8c2067dd7158",
                  "parentUUID": "5861a49e-2eb0-4c34-8891-9fd4c5fb8682",
                  "isHook": false,
                  "skipped": false
                },
                {
                  "title": "Validate if feedback \"inputTestCase\" finish earlier  than 200 ms",
                  "fullTitle": "Threshold time testing -4403.216258394542-   First Class of Feedback Validate if feedback \"inputTestCase\" finish earlier  than 200 ms",
                  "timedOut": false,
                  "duration": 5,
                  "state": "passed",
                  "speed": "fast",
                  "pass": true,
                  "fail": false,
                  "pending": false,
                  "context": null,
                  "code": "var self = this, args = arguments; return new Promise(function (resolve, reject) { var gen = fn.apply(self, args); function _next(value) { asyncGeneratorStep(gen, resolve, reject, _next, _throw, \"next\", value); } function _throw(err) { asyncGeneratorStep(gen, resolve, reject, _next, _throw, \"throw\", err); } _next(undefined); });",
                  "err": {},
                  "uuid": "ee651c92-47fe-4989-909a-ee799c2911b9",
                  "parentUUID": "5861a49e-2eb0-4c34-8891-9fd4c5fb8682",
                  "isHook": false,
                  "skipped": false
                },
                {
                  "title": "Validate if feedback \"motivate\" finish earlier  than 200 ms",
                  "fullTitle": "Threshold time testing -4403.216258394542-   First Class of Feedback Validate if feedback \"motivate\" finish earlier  than 200 ms",
                  "timedOut": false,
                  "duration": 5,
                  "state": "passed",
                  "speed": "fast",
                  "pass": true,
                  "fail": false,
                  "pending": false,
                  "context": null,
                  "code": "var self = this, args = arguments; return new Promise(function (resolve, reject) { var gen = fn.apply(self, args); function _next(value) { asyncGeneratorStep(gen, resolve, reject, _next, _throw, \"next\", value); } function _throw(err) { asyncGeneratorStep(gen, resolve, reject, _next, _throw, \"throw\", err); } _next(undefined); });",
                  "err": {},
                  "uuid": "21c2b082-2eff-4826-a875-a15d7c87e51d",
                  "parentUUID": "5861a49e-2eb0-4c34-8891-9fd4c5fb8682",
                  "isHook": false,
                  "skipped": false
                },
                {
                  "title": "Validate if feedback \"motivateHarder\" finish earlier  than 200 ms",
                  "fullTitle": "Threshold time testing -4403.216258394542-   First Class of Feedback Validate if feedback \"motivateHarder\" finish earlier  than 200 ms",
                  "timedOut": false,
                  "duration": 4,
                  "state": "passed",
                  "speed": "fast",
                  "pass": true,
                  "fail": false,
                  "pending": false,
                  "context": null,
                  "code": "var self = this, args = arguments; return new Promise(function (resolve, reject) { var gen = fn.apply(self, args); function _next(value) { asyncGeneratorStep(gen, resolve, reject, _next, _throw, \"next\", value); } function _throw(err) { asyncGeneratorStep(gen, resolve, reject, _next, _throw, \"throw\", err); } _next(undefined); });",
                  "err": {},
                  "uuid": "02fa37d8-c6b5-4948-afb7-693c743d21cb",
                  "parentUUID": "5861a49e-2eb0-4c34-8891-9fd4c5fb8682",
                  "isHook": false,
                  "skipped": false
                },
                {
                  "title": "Validate if feedback \"outputTestCase\" finish earlier  than 200 ms",
                  "fullTitle": "Threshold time testing -4403.216258394542-   First Class of Feedback Validate if feedback \"outputTestCase\" finish earlier  than 200 ms",
                  "timedOut": false,
                  "duration": 5,
                  "state": "passed",
                  "speed": "fast",
                  "pass": true,
                  "fail": false,
                  "pending": false,
                  "context": null,
                  "code": "var self = this, args = arguments; return new Promise(function (resolve, reject) { var gen = fn.apply(self, args); function _next(value) { asyncGeneratorStep(gen, resolve, reject, _next, _throw, \"next\", value); } function _throw(err) { asyncGeneratorStep(gen, resolve, reject, _next, _throw, \"throw\", err); } _next(undefined); });",
                  "err": {},
                  "uuid": "46e84118-0a93-44e7-a411-685a50cc204b",
                  "parentUUID": "5861a49e-2eb0-4c34-8891-9fd4c5fb8682",
                  "isHook": false,
                  "skipped": false
                },
                {
                  "title": "Validate if feedback \"percentage\" finish earlier  than 200 ms",
                  "fullTitle": "Threshold time testing -4403.216258394542-   First Class of Feedback Validate if feedback \"percentage\" finish earlier  than 200 ms",
                  "timedOut": false,
                  "duration": 38,
                  "state": "passed",
                  "speed": "medium",
                  "pass": true,
                  "fail": false,
                  "pending": false,
                  "context": null,
                  "code": "var self = this, args = arguments; return new Promise(function (resolve, reject) { var gen = fn.apply(self, args); function _next(value) { asyncGeneratorStep(gen, resolve, reject, _next, _throw, \"next\", value); } function _throw(err) { asyncGeneratorStep(gen, resolve, reject, _next, _throw, \"throw\", err); } _next(undefined); });",
                  "err": {},
                  "uuid": "c327fe5c-ea09-46f1-981c-c2b2d3e93df9",
                  "parentUUID": "5861a49e-2eb0-4c34-8891-9fd4c5fb8682",
                  "isHook": false,
                  "skipped": false
                },
                {
                  "title": "Validate if feedback \"submissionNumbers\" finish earlier  than 200 ms",
                  "fullTitle": "Threshold time testing -4403.216258394542-   First Class of Feedback Validate if feedback \"submissionNumbers\" finish earlier  than 200 ms",
                  "timedOut": false,
                  "duration": 5,
                  "state": "passed",
                  "speed": "fast",
                  "pass": true,
                  "fail": false,
                  "pending": false,
                  "context": null,
                  "code": "var self = this, args = arguments; return new Promise(function (resolve, reject) { var gen = fn.apply(self, args); function _next(value) { asyncGeneratorStep(gen, resolve, reject, _next, _throw, \"next\", value); } function _throw(err) { asyncGeneratorStep(gen, resolve, reject, _next, _throw, \"throw\", err); } _next(undefined); });",
                  "err": {},
                  "uuid": "5aa8f15a-a572-49ee-b9a9-d85d3866cb24",
                  "parentUUID": "5861a49e-2eb0-4c34-8891-9fd4c5fb8682",
                  "isHook": false,
                  "skipped": false
                },
                {
                  "title": "Validate if feedback \"alreadyDidItBefore\" finish earlier  than 200 ms",
                  "fullTitle": "Threshold time testing -4403.216258394542-   First Class of Feedback Validate if feedback \"alreadyDidItBefore\" finish earlier  than 200 ms",
                  "timedOut": false,
                  "duration": 7,
                  "state": "passed",
                  "speed": "fast",
                  "pass": true,
                  "fail": false,
                  "pending": false,
                  "context": null,
                  "code": "var self = this, args = arguments; return new Promise(function (resolve, reject) { var gen = fn.apply(self, args); function _next(value) { asyncGeneratorStep(gen, resolve, reject, _next, _throw, \"next\", value); } function _throw(err) { asyncGeneratorStep(gen, resolve, reject, _next, _throw, \"throw\", err); } _next(undefined); });",
                  "err": {},
                  "uuid": "85e70b7a-1092-4c03-b3e8-ae469c17d21d",
                  "parentUUID": "5861a49e-2eb0-4c34-8891-9fd4c5fb8682",
                  "isHook": false,
                  "skipped": false
                },
                {
                  "title": "Validate if feedback \"frequemcy\" finish earlier  than 200 ms",
                  "fullTitle": "Threshold time testing -4403.216258394542-   First Class of Feedback Validate if feedback \"frequemcy\" finish earlier  than 200 ms",
                  "timedOut": false,
                  "duration": 7,
                  "state": "passed",
                  "speed": "fast",
                  "pass": true,
                  "fail": false,
                  "pending": false,
                  "context": null,
                  "code": "var self = this, args = arguments; return new Promise(function (resolve, reject) { var gen = fn.apply(self, args); function _next(value) { asyncGeneratorStep(gen, resolve, reject, _next, _throw, \"next\", value); } function _throw(err) { asyncGeneratorStep(gen, resolve, reject, _next, _throw, \"throw\", err); } _next(undefined); });",
                  "err": {},
                  "uuid": "84669675-cf73-4c9c-accd-72431286a230",
                  "parentUUID": "5861a49e-2eb0-4c34-8891-9fd4c5fb8682",
                  "isHook": false,
                  "skipped": false
                },
                {
                  "title": "Validate if feedback \"hint\" finish earlier  than 100 ms",
                  "fullTitle": "Threshold time testing -4403.216258394542-   First Class of Feedback Validate if feedback \"hint\" finish earlier  than 100 ms",
                  "timedOut": false,
                  "duration": 6,
                  "state": "passed",
                  "speed": "fast",
                  "pass": true,
                  "fail": false,
                  "pending": false,
                  "context": null,
                  "code": "var self = this, args = arguments; return new Promise(function (resolve, reject) { var gen = fn.apply(self, args); function _next(value) { asyncGeneratorStep(gen, resolve, reject, _next, _throw, \"next\", value); } function _throw(err) { asyncGeneratorStep(gen, resolve, reject, _next, _throw, \"throw\", err); } _next(undefined); });",
                  "err": {},
                  "uuid": "05351abb-956a-48cc-a049-374cfa62bc76",
                  "parentUUID": "5861a49e-2eb0-4c34-8891-9fd4c5fb8682",
                  "isHook": false,
                  "skipped": false
                },
                {
                  "title": "Validate if feedback \"inputTestCase\" finish earlier  than 200 ms",
                  "fullTitle": "Threshold time testing -4403.216258394542-   First Class of Feedback Validate if feedback \"inputTestCase\" finish earlier  than 200 ms",
                  "timedOut": false,
                  "duration": 5,
                  "state": "passed",
                  "speed": "fast",
                  "pass": true,
                  "fail": false,
                  "pending": false,
                  "context": null,
                  "code": "var self = this, args = arguments; return new Promise(function (resolve, reject) { var gen = fn.apply(self, args); function _next(value) { asyncGeneratorStep(gen, resolve, reject, _next, _throw, \"next\", value); } function _throw(err) { asyncGeneratorStep(gen, resolve, reject, _next, _throw, \"throw\", err); } _next(undefined); });",
                  "err": {},
                  "uuid": "5a606a20-6e27-4479-b316-e950ec7fc4cf",
                  "parentUUID": "5861a49e-2eb0-4c34-8891-9fd4c5fb8682",
                  "isHook": false,
                  "skipped": false
                },
                {
                  "title": "Validate if feedback \"motivate\" finish earlier  than 200 ms",
                  "fullTitle": "Threshold time testing -4403.216258394542-   First Class of Feedback Validate if feedback \"motivate\" finish earlier  than 200 ms",
                  "timedOut": false,
                  "duration": 6,
                  "state": "passed",
                  "speed": "fast",
                  "pass": true,
                  "fail": false,
                  "pending": false,
                  "context": null,
                  "code": "var self = this, args = arguments; return new Promise(function (resolve, reject) { var gen = fn.apply(self, args); function _next(value) { asyncGeneratorStep(gen, resolve, reject, _next, _throw, \"next\", value); } function _throw(err) { asyncGeneratorStep(gen, resolve, reject, _next, _throw, \"throw\", err); } _next(undefined); });",
                  "err": {},
                  "uuid": "9e3b3191-46e8-4db3-aed2-01fc09d97c3a",
                  "parentUUID": "5861a49e-2eb0-4c34-8891-9fd4c5fb8682",
                  "isHook": false,
                  "skipped": false
                },
                {
                  "title": "Validate if feedback \"motivateHarder\" finish earlier  than 200 ms",
                  "fullTitle": "Threshold time testing -4403.216258394542-   First Class of Feedback Validate if feedback \"motivateHarder\" finish earlier  than 200 ms",
                  "timedOut": false,
                  "duration": 6,
                  "state": "passed",
                  "speed": "fast",
                  "pass": true,
                  "fail": false,
                  "pending": false,
                  "context": null,
                  "code": "var self = this, args = arguments; return new Promise(function (resolve, reject) { var gen = fn.apply(self, args); function _next(value) { asyncGeneratorStep(gen, resolve, reject, _next, _throw, \"next\", value); } function _throw(err) { asyncGeneratorStep(gen, resolve, reject, _next, _throw, \"throw\", err); } _next(undefined); });",
                  "err": {},
                  "uuid": "f0653b9e-a883-419d-a097-cd989a9ba8fd",
                  "parentUUID": "5861a49e-2eb0-4c34-8891-9fd4c5fb8682",
                  "isHook": false,
                  "skipped": false
                },
                {
                  "title": "Validate if feedback \"outputTestCase\" finish earlier  than 200 ms",
                  "fullTitle": "Threshold time testing -4403.216258394542-   First Class of Feedback Validate if feedback \"outputTestCase\" finish earlier  than 200 ms",
                  "timedOut": false,
                  "duration": 5,
                  "state": "passed",
                  "speed": "fast",
                  "pass": true,
                  "fail": false,
                  "pending": false,
                  "context": null,
                  "code": "var self = this, args = arguments; return new Promise(function (resolve, reject) { var gen = fn.apply(self, args); function _next(value) { asyncGeneratorStep(gen, resolve, reject, _next, _throw, \"next\", value); } function _throw(err) { asyncGeneratorStep(gen, resolve, reject, _next, _throw, \"throw\", err); } _next(undefined); });",
                  "err": {},
                  "uuid": "637f9ef0-b9ea-40e7-909b-e0e41a813886",
                  "parentUUID": "5861a49e-2eb0-4c34-8891-9fd4c5fb8682",
                  "isHook": false,
                  "skipped": false
                },
                {
                  "title": "Validate if feedback \"percentage\" finish earlier  than 200 ms",
                  "fullTitle": "Threshold time testing -4403.216258394542-   First Class of Feedback Validate if feedback \"percentage\" finish earlier  than 200 ms",
                  "timedOut": false,
                  "duration": 5,
                  "state": "passed",
                  "speed": "fast",
                  "pass": true,
                  "fail": false,
                  "pending": false,
                  "context": null,
                  "code": "var self = this, args = arguments; return new Promise(function (resolve, reject) { var gen = fn.apply(self, args); function _next(value) { asyncGeneratorStep(gen, resolve, reject, _next, _throw, \"next\", value); } function _throw(err) { asyncGeneratorStep(gen, resolve, reject, _next, _throw, \"throw\", err); } _next(undefined); });",
                  "err": {},
                  "uuid": "3392820a-9aec-4eb8-8102-37cd174b3ec6",
                  "parentUUID": "5861a49e-2eb0-4c34-8891-9fd4c5fb8682",
                  "isHook": false,
                  "skipped": false
                },
                {
                  "title": "Validate if feedback \"submissionNumbers\" finish earlier  than 200 ms",
                  "fullTitle": "Threshold time testing -4403.216258394542-   First Class of Feedback Validate if feedback \"submissionNumbers\" finish earlier  than 200 ms",
                  "timedOut": false,
                  "duration": 8,
                  "state": "passed",
                  "speed": "fast",
                  "pass": true,
                  "fail": false,
                  "pending": false,
                  "context": null,
                  "code": "var self = this, args = arguments; return new Promise(function (resolve, reject) { var gen = fn.apply(self, args); function _next(value) { asyncGeneratorStep(gen, resolve, reject, _next, _throw, \"next\", value); } function _throw(err) { asyncGeneratorStep(gen, resolve, reject, _next, _throw, \"throw\", err); } _next(undefined); });",
                  "err": {},
                  "uuid": "d18721ba-f285-4e55-b084-f0f592b79991",
                  "parentUUID": "5861a49e-2eb0-4c34-8891-9fd4c5fb8682",
                  "isHook": false,
                  "skipped": false
                },
                {
                  "title": "Validate if feedback \"alreadyDidItBefore\" finish earlier  than 200 ms",
                  "fullTitle": "Threshold time testing -4403.216258394542-   First Class of Feedback Validate if feedback \"alreadyDidItBefore\" finish earlier  than 200 ms",
                  "timedOut": false,
                  "duration": 7,
                  "state": "passed",
                  "speed": "fast",
                  "pass": true,
                  "fail": false,
                  "pending": false,
                  "context": null,
                  "code": "var self = this, args = arguments; return new Promise(function (resolve, reject) { var gen = fn.apply(self, args); function _next(value) { asyncGeneratorStep(gen, resolve, reject, _next, _throw, \"next\", value); } function _throw(err) { asyncGeneratorStep(gen, resolve, reject, _next, _throw, \"throw\", err); } _next(undefined); });",
                  "err": {},
                  "uuid": "b8a6bc78-0a32-4091-9d72-4de7dab1c863",
                  "parentUUID": "5861a49e-2eb0-4c34-8891-9fd4c5fb8682",
                  "isHook": false,
                  "skipped": false
                },
                {
                  "title": "Validate if feedback \"frequemcy\" finish earlier  than 200 ms",
                  "fullTitle": "Threshold time testing -4403.216258394542-   First Class of Feedback Validate if feedback \"frequemcy\" finish earlier  than 200 ms",
                  "timedOut": false,
                  "duration": 8,
                  "state": "passed",
                  "speed": "fast",
                  "pass": true,
                  "fail": false,
                  "pending": false,
                  "context": null,
                  "code": "var self = this, args = arguments; return new Promise(function (resolve, reject) { var gen = fn.apply(self, args); function _next(value) { asyncGeneratorStep(gen, resolve, reject, _next, _throw, \"next\", value); } function _throw(err) { asyncGeneratorStep(gen, resolve, reject, _next, _throw, \"throw\", err); } _next(undefined); });",
                  "err": {},
                  "uuid": "56504f0e-9883-4940-9512-225ceb17e0b6",
                  "parentUUID": "5861a49e-2eb0-4c34-8891-9fd4c5fb8682",
                  "isHook": false,
                  "skipped": false
                },
                {
                  "title": "Validate if feedback \"hint\" finish earlier  than 100 ms",
                  "fullTitle": "Threshold time testing -4403.216258394542-   First Class of Feedback Validate if feedback \"hint\" finish earlier  than 100 ms",
                  "timedOut": false,
                  "duration": 6,
                  "state": "passed",
                  "speed": "fast",
                  "pass": true,
                  "fail": false,
                  "pending": false,
                  "context": null,
                  "code": "var self = this, args = arguments; return new Promise(function (resolve, reject) { var gen = fn.apply(self, args); function _next(value) { asyncGeneratorStep(gen, resolve, reject, _next, _throw, \"next\", value); } function _throw(err) { asyncGeneratorStep(gen, resolve, reject, _next, _throw, \"throw\", err); } _next(undefined); });",
                  "err": {},
                  "uuid": "8e6e2153-14b0-407b-aaa5-08760b73e5bc",
                  "parentUUID": "5861a49e-2eb0-4c34-8891-9fd4c5fb8682",
                  "isHook": false,
                  "skipped": false
                },
                {
                  "title": "Validate if feedback \"inputTestCase\" finish earlier  than 200 ms",
                  "fullTitle": "Threshold time testing -4403.216258394542-   First Class of Feedback Validate if feedback \"inputTestCase\" finish earlier  than 200 ms",
                  "timedOut": false,
                  "duration": 6,
                  "state": "passed",
                  "speed": "fast",
                  "pass": true,
                  "fail": false,
                  "pending": false,
                  "context": null,
                  "code": "var self = this, args = arguments; return new Promise(function (resolve, reject) { var gen = fn.apply(self, args); function _next(value) { asyncGeneratorStep(gen, resolve, reject, _next, _throw, \"next\", value); } function _throw(err) { asyncGeneratorStep(gen, resolve, reject, _next, _throw, \"throw\", err); } _next(undefined); });",
                  "err": {},
                  "uuid": "59671624-66e4-4779-ad45-f608e6fbb7c4",
                  "parentUUID": "5861a49e-2eb0-4c34-8891-9fd4c5fb8682",
                  "isHook": false,
                  "skipped": false
                },
                {
                  "title": "Validate if feedback \"motivate\" finish earlier  than 200 ms",
                  "fullTitle": "Threshold time testing -4403.216258394542-   First Class of Feedback Validate if feedback \"motivate\" finish earlier  than 200 ms",
                  "timedOut": false,
                  "duration": 6,
                  "state": "passed",
                  "speed": "fast",
                  "pass": true,
                  "fail": false,
                  "pending": false,
                  "context": null,
                  "code": "var self = this, args = arguments; return new Promise(function (resolve, reject) { var gen = fn.apply(self, args); function _next(value) { asyncGeneratorStep(gen, resolve, reject, _next, _throw, \"next\", value); } function _throw(err) { asyncGeneratorStep(gen, resolve, reject, _next, _throw, \"throw\", err); } _next(undefined); });",
                  "err": {},
                  "uuid": "fc128d0c-bb17-40b1-979c-6afe5b73d840",
                  "parentUUID": "5861a49e-2eb0-4c34-8891-9fd4c5fb8682",
                  "isHook": false,
                  "skipped": false
                },
                {
                  "title": "Validate if feedback \"motivateHarder\" finish earlier  than 200 ms",
                  "fullTitle": "Threshold time testing -4403.216258394542-   First Class of Feedback Validate if feedback \"motivateHarder\" finish earlier  than 200 ms",
                  "timedOut": false,
                  "duration": 5,
                  "state": "passed",
                  "speed": "fast",
                  "pass": true,
                  "fail": false,
                  "pending": false,
                  "context": null,
                  "code": "var self = this, args = arguments; return new Promise(function (resolve, reject) { var gen = fn.apply(self, args); function _next(value) { asyncGeneratorStep(gen, resolve, reject, _next, _throw, \"next\", value); } function _throw(err) { asyncGeneratorStep(gen, resolve, reject, _next, _throw, \"throw\", err); } _next(undefined); });",
                  "err": {},
                  "uuid": "632674a2-960e-40fd-9676-e7762b86d309",
                  "parentUUID": "5861a49e-2eb0-4c34-8891-9fd4c5fb8682",
                  "isHook": false,
                  "skipped": false
                },
                {
                  "title": "Validate if feedback \"outputTestCase\" finish earlier  than 200 ms",
                  "fullTitle": "Threshold time testing -4403.216258394542-   First Class of Feedback Validate if feedback \"outputTestCase\" finish earlier  than 200 ms",
                  "timedOut": false,
                  "duration": 5,
                  "state": "passed",
                  "speed": "fast",
                  "pass": true,
                  "fail": false,
                  "pending": false,
                  "context": null,
                  "code": "var self = this, args = arguments; return new Promise(function (resolve, reject) { var gen = fn.apply(self, args); function _next(value) { asyncGeneratorStep(gen, resolve, reject, _next, _throw, \"next\", value); } function _throw(err) { asyncGeneratorStep(gen, resolve, reject, _next, _throw, \"throw\", err); } _next(undefined); });",
                  "err": {},
                  "uuid": "d35078af-d74d-4295-b6eb-0c6d334389f4",
                  "parentUUID": "5861a49e-2eb0-4c34-8891-9fd4c5fb8682",
                  "isHook": false,
                  "skipped": false
                },
                {
                  "title": "Validate if feedback \"percentage\" finish earlier  than 200 ms",
                  "fullTitle": "Threshold time testing -4403.216258394542-   First Class of Feedback Validate if feedback \"percentage\" finish earlier  than 200 ms",
                  "timedOut": false,
                  "duration": 6,
                  "state": "passed",
                  "speed": "fast",
                  "pass": true,
                  "fail": false,
                  "pending": false,
                  "context": null,
                  "code": "var self = this, args = arguments; return new Promise(function (resolve, reject) { var gen = fn.apply(self, args); function _next(value) { asyncGeneratorStep(gen, resolve, reject, _next, _throw, \"next\", value); } function _throw(err) { asyncGeneratorStep(gen, resolve, reject, _next, _throw, \"throw\", err); } _next(undefined); });",
                  "err": {},
                  "uuid": "70eaa165-bb91-4964-85dc-d107ee949286",
                  "parentUUID": "5861a49e-2eb0-4c34-8891-9fd4c5fb8682",
                  "isHook": false,
                  "skipped": false
                },
                {
                  "title": "Validate if feedback \"submissionNumbers\" finish earlier  than 200 ms",
                  "fullTitle": "Threshold time testing -4403.216258394542-   First Class of Feedback Validate if feedback \"submissionNumbers\" finish earlier  than 200 ms",
                  "timedOut": false,
                  "duration": 5,
                  "state": "passed",
                  "speed": "fast",
                  "pass": true,
                  "fail": false,
                  "pending": false,
                  "context": null,
                  "code": "var self = this, args = arguments; return new Promise(function (resolve, reject) { var gen = fn.apply(self, args); function _next(value) { asyncGeneratorStep(gen, resolve, reject, _next, _throw, \"next\", value); } function _throw(err) { asyncGeneratorStep(gen, resolve, reject, _next, _throw, \"throw\", err); } _next(undefined); });",
                  "err": {},
                  "uuid": "a80e6cf9-2325-42be-944f-e24cf0f8848b",
                  "parentUUID": "5861a49e-2eb0-4c34-8891-9fd4c5fb8682",
                  "isHook": false,
                  "skipped": false
                },
                {
                  "title": "Validate if feedback \"alreadyDidItBefore\" finish earlier  than 200 ms",
                  "fullTitle": "Threshold time testing -4403.216258394542-   First Class of Feedback Validate if feedback \"alreadyDidItBefore\" finish earlier  than 200 ms",
                  "timedOut": false,
                  "duration": 6,
                  "state": "passed",
                  "speed": "fast",
                  "pass": true,
                  "fail": false,
                  "pending": false,
                  "context": null,
                  "code": "var self = this, args = arguments; return new Promise(function (resolve, reject) { var gen = fn.apply(self, args); function _next(value) { asyncGeneratorStep(gen, resolve, reject, _next, _throw, \"next\", value); } function _throw(err) { asyncGeneratorStep(gen, resolve, reject, _next, _throw, \"throw\", err); } _next(undefined); });",
                  "err": {},
                  "uuid": "f0049bab-64b3-4f92-81af-eb43fa8c1296",
                  "parentUUID": "5861a49e-2eb0-4c34-8891-9fd4c5fb8682",
                  "isHook": false,
                  "skipped": false
                },
                {
                  "title": "Validate if feedback \"frequemcy\" finish earlier  than 200 ms",
                  "fullTitle": "Threshold time testing -4403.216258394542-   First Class of Feedback Validate if feedback \"frequemcy\" finish earlier  than 200 ms",
                  "timedOut": false,
                  "duration": 5,
                  "state": "passed",
                  "speed": "fast",
                  "pass": true,
                  "fail": false,
                  "pending": false,
                  "context": null,
                  "code": "var self = this, args = arguments; return new Promise(function (resolve, reject) { var gen = fn.apply(self, args); function _next(value) { asyncGeneratorStep(gen, resolve, reject, _next, _throw, \"next\", value); } function _throw(err) { asyncGeneratorStep(gen, resolve, reject, _next, _throw, \"throw\", err); } _next(undefined); });",
                  "err": {},
                  "uuid": "b5b87e59-e91f-405c-8884-c35032604d93",
                  "parentUUID": "5861a49e-2eb0-4c34-8891-9fd4c5fb8682",
                  "isHook": false,
                  "skipped": false
                },
                {
                  "title": "Validate if feedback \"hint\" finish earlier  than 100 ms",
                  "fullTitle": "Threshold time testing -4403.216258394542-   First Class of Feedback Validate if feedback \"hint\" finish earlier  than 100 ms",
                  "timedOut": false,
                  "duration": 5,
                  "state": "passed",
                  "speed": "fast",
                  "pass": true,
                  "fail": false,
                  "pending": false,
                  "context": null,
                  "code": "var self = this, args = arguments; return new Promise(function (resolve, reject) { var gen = fn.apply(self, args); function _next(value) { asyncGeneratorStep(gen, resolve, reject, _next, _throw, \"next\", value); } function _throw(err) { asyncGeneratorStep(gen, resolve, reject, _next, _throw, \"throw\", err); } _next(undefined); });",
                  "err": {},
                  "uuid": "3a4c13e3-8aa3-48e4-8452-fa5eddcdccee",
                  "parentUUID": "5861a49e-2eb0-4c34-8891-9fd4c5fb8682",
                  "isHook": false,
                  "skipped": false
                },
                {
                  "title": "Validate if feedback \"inputTestCase\" finish earlier  than 200 ms",
                  "fullTitle": "Threshold time testing -4403.216258394542-   First Class of Feedback Validate if feedback \"inputTestCase\" finish earlier  than 200 ms",
                  "timedOut": false,
                  "duration": 5,
                  "state": "passed",
                  "speed": "fast",
                  "pass": true,
                  "fail": false,
                  "pending": false,
                  "context": null,
                  "code": "var self = this, args = arguments; return new Promise(function (resolve, reject) { var gen = fn.apply(self, args); function _next(value) { asyncGeneratorStep(gen, resolve, reject, _next, _throw, \"next\", value); } function _throw(err) { asyncGeneratorStep(gen, resolve, reject, _next, _throw, \"throw\", err); } _next(undefined); });",
                  "err": {},
                  "uuid": "c0cf984e-6129-486e-89b4-49e313a5e4b0",
                  "parentUUID": "5861a49e-2eb0-4c34-8891-9fd4c5fb8682",
                  "isHook": false,
                  "skipped": false
                },
                {
                  "title": "Validate if feedback \"motivate\" finish earlier  than 200 ms",
                  "fullTitle": "Threshold time testing -4403.216258394542-   First Class of Feedback Validate if feedback \"motivate\" finish earlier  than 200 ms",
                  "timedOut": false,
                  "duration": 5,
                  "state": "passed",
                  "speed": "fast",
                  "pass": true,
                  "fail": false,
                  "pending": false,
                  "context": null,
                  "code": "var self = this, args = arguments; return new Promise(function (resolve, reject) { var gen = fn.apply(self, args); function _next(value) { asyncGeneratorStep(gen, resolve, reject, _next, _throw, \"next\", value); } function _throw(err) { asyncGeneratorStep(gen, resolve, reject, _next, _throw, \"throw\", err); } _next(undefined); });",
                  "err": {},
                  "uuid": "bdb9d558-1afc-49ec-8362-47c578fd7eed",
                  "parentUUID": "5861a49e-2eb0-4c34-8891-9fd4c5fb8682",
                  "isHook": false,
                  "skipped": false
                },
                {
                  "title": "Validate if feedback \"motivateHarder\" finish earlier  than 200 ms",
                  "fullTitle": "Threshold time testing -4403.216258394542-   First Class of Feedback Validate if feedback \"motivateHarder\" finish earlier  than 200 ms",
                  "timedOut": false,
                  "duration": 12,
                  "state": "passed",
                  "speed": "fast",
                  "pass": true,
                  "fail": false,
                  "pending": false,
                  "context": null,
                  "code": "var self = this, args = arguments; return new Promise(function (resolve, reject) { var gen = fn.apply(self, args); function _next(value) { asyncGeneratorStep(gen, resolve, reject, _next, _throw, \"next\", value); } function _throw(err) { asyncGeneratorStep(gen, resolve, reject, _next, _throw, \"throw\", err); } _next(undefined); });",
                  "err": {},
                  "uuid": "f1c6886c-71c9-4627-98dc-b0a00e705a5e",
                  "parentUUID": "5861a49e-2eb0-4c34-8891-9fd4c5fb8682",
                  "isHook": false,
                  "skipped": false
                },
                {
                  "title": "Validate if feedback \"outputTestCase\" finish earlier  than 200 ms",
                  "fullTitle": "Threshold time testing -4403.216258394542-   First Class of Feedback Validate if feedback \"outputTestCase\" finish earlier  than 200 ms",
                  "timedOut": false,
                  "duration": 28,
                  "state": "passed",
                  "speed": "fast",
                  "pass": true,
                  "fail": false,
                  "pending": false,
                  "context": null,
                  "code": "var self = this, args = arguments; return new Promise(function (resolve, reject) { var gen = fn.apply(self, args); function _next(value) { asyncGeneratorStep(gen, resolve, reject, _next, _throw, \"next\", value); } function _throw(err) { asyncGeneratorStep(gen, resolve, reject, _next, _throw, \"throw\", err); } _next(undefined); });",
                  "err": {},
                  "uuid": "97fc4e2c-5f13-45ae-8e53-e487aecba861",
                  "parentUUID": "5861a49e-2eb0-4c34-8891-9fd4c5fb8682",
                  "isHook": false,
                  "skipped": false
                },
                {
                  "title": "Validate if feedback \"percentage\" finish earlier  than 200 ms",
                  "fullTitle": "Threshold time testing -4403.216258394542-   First Class of Feedback Validate if feedback \"percentage\" finish earlier  than 200 ms",
                  "timedOut": false,
                  "duration": 6,
                  "state": "passed",
                  "speed": "fast",
                  "pass": true,
                  "fail": false,
                  "pending": false,
                  "context": null,
                  "code": "var self = this, args = arguments; return new Promise(function (resolve, reject) { var gen = fn.apply(self, args); function _next(value) { asyncGeneratorStep(gen, resolve, reject, _next, _throw, \"next\", value); } function _throw(err) { asyncGeneratorStep(gen, resolve, reject, _next, _throw, \"throw\", err); } _next(undefined); });",
                  "err": {},
                  "uuid": "744cefab-d186-4dad-a4fd-f35533248adb",
                  "parentUUID": "5861a49e-2eb0-4c34-8891-9fd4c5fb8682",
                  "isHook": false,
                  "skipped": false
                },
                {
                  "title": "Validate if feedback \"submissionNumbers\" finish earlier  than 200 ms",
                  "fullTitle": "Threshold time testing -4403.216258394542-   First Class of Feedback Validate if feedback \"submissionNumbers\" finish earlier  than 200 ms",
                  "timedOut": false,
                  "duration": 7,
                  "state": "passed",
                  "speed": "fast",
                  "pass": true,
                  "fail": false,
                  "pending": false,
                  "context": null,
                  "code": "var self = this, args = arguments; return new Promise(function (resolve, reject) { var gen = fn.apply(self, args); function _next(value) { asyncGeneratorStep(gen, resolve, reject, _next, _throw, \"next\", value); } function _throw(err) { asyncGeneratorStep(gen, resolve, reject, _next, _throw, \"throw\", err); } _next(undefined); });",
                  "err": {},
                  "uuid": "3469a233-10df-4f91-9d8d-fb98982f2f5c",
                  "parentUUID": "5861a49e-2eb0-4c34-8891-9fd4c5fb8682",
                  "isHook": false,
                  "skipped": false
                }
              ],
              "suites": [],
              "passes": [
                "179322ab-b890-4e85-856e-6a0a9de4689c",
                "e47d2602-6184-4066-919b-e5065eabf496",
                "8d1d9a03-394a-427a-b973-140bfe69aa9c",
                "0646295d-a64d-4ed6-8685-ff2f60b29908",
                "c3d8c40d-6274-4cb5-bc34-39bf2fb4cd79",
                "06e3cf44-280b-496b-85e3-41c98b51e131",
                "9a05abb8-dfdd-43c3-a3fa-d279f9768258",
                "f7e091f7-76bb-4784-abb4-3a7b3a9f23f9",
                "40e5ad71-8fd5-4a95-bf5f-2527a1a2f4e6",
                "59fe6a8c-9d90-4a44-9fc7-1915b2a955be",
                "c658d868-0d59-44bd-b48c-a7f85c8d2e94",
                "4d318c22-2dd9-43ec-bcc4-8c2067dd7158",
                "ee651c92-47fe-4989-909a-ee799c2911b9",
                "21c2b082-2eff-4826-a875-a15d7c87e51d",
                "02fa37d8-c6b5-4948-afb7-693c743d21cb",
                "46e84118-0a93-44e7-a411-685a50cc204b",
                "c327fe5c-ea09-46f1-981c-c2b2d3e93df9",
                "5aa8f15a-a572-49ee-b9a9-d85d3866cb24",
                "85e70b7a-1092-4c03-b3e8-ae469c17d21d",
                "84669675-cf73-4c9c-accd-72431286a230",
                "05351abb-956a-48cc-a049-374cfa62bc76",
                "5a606a20-6e27-4479-b316-e950ec7fc4cf",
                "9e3b3191-46e8-4db3-aed2-01fc09d97c3a",
                "f0653b9e-a883-419d-a097-cd989a9ba8fd",
                "637f9ef0-b9ea-40e7-909b-e0e41a813886",
                "3392820a-9aec-4eb8-8102-37cd174b3ec6",
                "d18721ba-f285-4e55-b084-f0f592b79991",
                "b8a6bc78-0a32-4091-9d72-4de7dab1c863",
                "56504f0e-9883-4940-9512-225ceb17e0b6",
                "8e6e2153-14b0-407b-aaa5-08760b73e5bc",
                "59671624-66e4-4779-ad45-f608e6fbb7c4",
                "fc128d0c-bb17-40b1-979c-6afe5b73d840",
                "632674a2-960e-40fd-9676-e7762b86d309",
                "d35078af-d74d-4295-b6eb-0c6d334389f4",
                "70eaa165-bb91-4964-85dc-d107ee949286",
                "a80e6cf9-2325-42be-944f-e24cf0f8848b",
                "f0049bab-64b3-4f92-81af-eb43fa8c1296",
                "b5b87e59-e91f-405c-8884-c35032604d93",
                "3a4c13e3-8aa3-48e4-8452-fa5eddcdccee",
                "c0cf984e-6129-486e-89b4-49e313a5e4b0",
                "bdb9d558-1afc-49ec-8362-47c578fd7eed",
                "f1c6886c-71c9-4627-98dc-b0a00e705a5e",
                "97fc4e2c-5f13-45ae-8e53-e487aecba861",
                "744cefab-d186-4dad-a4fd-f35533248adb",
                "3469a233-10df-4f91-9d8d-fb98982f2f5c"
              ],
              "failures": [],
              "pending": [],
              "skipped": [],
              "duration": 318,
              "root": false,
              "rootEmpty": false,
              "_timeout": 200000
            }
          ],
          "passes": [],
          "failures": [],
          "pending": [],
          "skipped": [],
          "duration": 0,
          "root": false,
          "rootEmpty": false,
          "_timeout": 200000
        }
      ],
      "passes": [],
      "failures": [],
      "pending": [],
      "skipped": [],
      "duration": 0,
      "root": true,
      "rootEmpty": true,
      "_timeout": 200000
    }
  ],
  "meta": {
    "mocha": {
      "version": "9.2.1"
    },
    "mochawesome": {
      "options": {
        "quiet": false,
        "reportFilename": "mochawesome",
        "saveHtml": true,
        "saveJson": true,
        "consoleReporter": "spec",
        "useInlineDiffs": false,
        "code": true
      },
      "version": "7.0.1"
    },
    "marge": {
      "options": {
        "reportDir": "/mnt/e/INESC TEC/feedback-manager/public/execution-report/2022/04/04/20/21/06",
        "reportTitle": "Test Execution Report",
        "reportPageTitle": "Test Report",
        "charts": true
      },
      "version": "6.0.1"
    }
  }
}