{
  "stats": {
    "suites": 2,
    "tests": 27,
    "passes": 26,
    "pending": 0,
    "failures": 1,
    "start": "2022-04-04T19:20:34.823Z",
    "end": "2022-04-04T19:20:34.966Z",
    "duration": 143,
    "testsRegistered": 27,
    "passPercent": 96.29629629629629,
    "pendingPercent": 0,
    "other": 0,
    "hasOther": false,
    "skipped": 0,
    "hasSkipped": false
  },
  "results": [
    {
      "uuid": "a2f9f72f-6eff-4a3b-af44-9381fe4c731d",
      "title": "",
      "fullFile": "",
      "file": "",
      "beforeHooks": [],
      "afterHooks": [],
      "tests": [],
      "suites": [
        {
          "uuid": "252c821d-7cb2-4f84-9496-16a019396350",
          "title": "Threshold time testing -5396.032168092317- ",
          "fullFile": "",
          "file": "",
          "beforeHooks": [],
          "afterHooks": [],
          "tests": [],
          "suites": [
            {
              "uuid": "744636f3-b815-4d84-9bd8-6f2e3a070b6d",
              "title": " First Class of Feedback",
              "fullFile": "",
              "file": "",
              "beforeHooks": [],
              "afterHooks": [],
              "tests": [
                {
                  "title": "Validate if feedback \"alreadyDidItBefore\" finish earlier  than 200 ms",
                  "fullTitle": "Threshold time testing -5396.032168092317-   First Class of Feedback Validate if feedback \"alreadyDidItBefore\" finish earlier  than 200 ms",
                  "timedOut": false,
                  "duration": 3,
                  "state": "passed",
                  "speed": "fast",
                  "pass": true,
                  "fail": false,
                  "pending": false,
                  "context": null,
                  "code": "var self = this, args = arguments; return new Promise(function (resolve, reject) { var gen = fn.apply(self, args); function _next(value) { asyncGeneratorStep(gen, resolve, reject, _next, _throw, \"next\", value); } function _throw(err) { asyncGeneratorStep(gen, resolve, reject, _next, _throw, \"throw\", err); } _next(undefined); });",
                  "err": {},
                  "uuid": "68e548af-6ab2-4967-b568-3bb7869bdf68",
                  "parentUUID": "744636f3-b815-4d84-9bd8-6f2e3a070b6d",
                  "isHook": false,
                  "skipped": false
                },
                {
                  "title": "Validate if feedback \"frequemcy\" finish earlier  than 200 ms",
                  "fullTitle": "Threshold time testing -5396.032168092317-   First Class of Feedback Validate if feedback \"frequemcy\" finish earlier  than 200 ms",
                  "timedOut": false,
                  "duration": 3,
                  "state": "passed",
                  "speed": "fast",
                  "pass": true,
                  "fail": false,
                  "pending": false,
                  "context": null,
                  "code": "var self = this, args = arguments; return new Promise(function (resolve, reject) { var gen = fn.apply(self, args); function _next(value) { asyncGeneratorStep(gen, resolve, reject, _next, _throw, \"next\", value); } function _throw(err) { asyncGeneratorStep(gen, resolve, reject, _next, _throw, \"throw\", err); } _next(undefined); });",
                  "err": {},
                  "uuid": "9e7c8291-df9d-41df-90f6-833b763dbb2a",
                  "parentUUID": "744636f3-b815-4d84-9bd8-6f2e3a070b6d",
                  "isHook": false,
                  "skipped": false
                },
                {
                  "title": "Validate if feedback \"hint\" finish earlier  than 100 ms",
                  "fullTitle": "Threshold time testing -5396.032168092317-   First Class of Feedback Validate if feedback \"hint\" finish earlier  than 100 ms",
                  "timedOut": false,
                  "duration": 3,
                  "state": "passed",
                  "speed": "fast",
                  "pass": true,
                  "fail": false,
                  "pending": false,
                  "context": null,
                  "code": "var self = this, args = arguments; return new Promise(function (resolve, reject) { var gen = fn.apply(self, args); function _next(value) { asyncGeneratorStep(gen, resolve, reject, _next, _throw, \"next\", value); } function _throw(err) { asyncGeneratorStep(gen, resolve, reject, _next, _throw, \"throw\", err); } _next(undefined); });",
                  "err": {},
                  "uuid": "44130bb4-dfae-4ebc-a1a9-ef5a62f1bcff",
                  "parentUUID": "744636f3-b815-4d84-9bd8-6f2e3a070b6d",
                  "isHook": false,
                  "skipped": false
                },
                {
                  "title": "Validate if feedback \"inputTestCase\" finish earlier  than 200 ms",
                  "fullTitle": "Threshold time testing -5396.032168092317-   First Class of Feedback Validate if feedback \"inputTestCase\" finish earlier  than 200 ms",
                  "timedOut": false,
                  "duration": 3,
                  "state": "passed",
                  "speed": "fast",
                  "pass": true,
                  "fail": false,
                  "pending": false,
                  "context": null,
                  "code": "var self = this, args = arguments; return new Promise(function (resolve, reject) { var gen = fn.apply(self, args); function _next(value) { asyncGeneratorStep(gen, resolve, reject, _next, _throw, \"next\", value); } function _throw(err) { asyncGeneratorStep(gen, resolve, reject, _next, _throw, \"throw\", err); } _next(undefined); });",
                  "err": {},
                  "uuid": "7b45ae28-4bd9-4222-a54e-6e8e852ad145",
                  "parentUUID": "744636f3-b815-4d84-9bd8-6f2e3a070b6d",
                  "isHook": false,
                  "skipped": false
                },
                {
                  "title": "Validate if feedback \"motivate\" finish earlier  than 200 ms",
                  "fullTitle": "Threshold time testing -5396.032168092317-   First Class of Feedback Validate if feedback \"motivate\" finish earlier  than 200 ms",
                  "timedOut": false,
                  "duration": 3,
                  "state": "passed",
                  "speed": "fast",
                  "pass": true,
                  "fail": false,
                  "pending": false,
                  "context": null,
                  "code": "var self = this, args = arguments; return new Promise(function (resolve, reject) { var gen = fn.apply(self, args); function _next(value) { asyncGeneratorStep(gen, resolve, reject, _next, _throw, \"next\", value); } function _throw(err) { asyncGeneratorStep(gen, resolve, reject, _next, _throw, \"throw\", err); } _next(undefined); });",
                  "err": {},
                  "uuid": "2234a087-ad4f-4c7c-981f-0ae758f24a29",
                  "parentUUID": "744636f3-b815-4d84-9bd8-6f2e3a070b6d",
                  "isHook": false,
                  "skipped": false
                },
                {
                  "title": "Validate if feedback \"motivateHarder\" finish earlier  than 200 ms",
                  "fullTitle": "Threshold time testing -5396.032168092317-   First Class of Feedback Validate if feedback \"motivateHarder\" finish earlier  than 200 ms",
                  "timedOut": false,
                  "duration": 4,
                  "state": "passed",
                  "speed": "fast",
                  "pass": true,
                  "fail": false,
                  "pending": false,
                  "context": null,
                  "code": "var self = this, args = arguments; return new Promise(function (resolve, reject) { var gen = fn.apply(self, args); function _next(value) { asyncGeneratorStep(gen, resolve, reject, _next, _throw, \"next\", value); } function _throw(err) { asyncGeneratorStep(gen, resolve, reject, _next, _throw, \"throw\", err); } _next(undefined); });",
                  "err": {},
                  "uuid": "2f8bace2-38b8-42e2-8e45-5bf70627ee6b",
                  "parentUUID": "744636f3-b815-4d84-9bd8-6f2e3a070b6d",
                  "isHook": false,
                  "skipped": false
                },
                {
                  "title": "Validate if feedback \"outputTestCase\" finish earlier  than 200 ms",
                  "fullTitle": "Threshold time testing -5396.032168092317-   First Class of Feedback Validate if feedback \"outputTestCase\" finish earlier  than 200 ms",
                  "timedOut": false,
                  "duration": 3,
                  "state": "passed",
                  "speed": "fast",
                  "pass": true,
                  "fail": false,
                  "pending": false,
                  "context": null,
                  "code": "var self = this, args = arguments; return new Promise(function (resolve, reject) { var gen = fn.apply(self, args); function _next(value) { asyncGeneratorStep(gen, resolve, reject, _next, _throw, \"next\", value); } function _throw(err) { asyncGeneratorStep(gen, resolve, reject, _next, _throw, \"throw\", err); } _next(undefined); });",
                  "err": {},
                  "uuid": "b16be5d4-e0eb-4c8c-9d7c-26dbc723a1b2",
                  "parentUUID": "744636f3-b815-4d84-9bd8-6f2e3a070b6d",
                  "isHook": false,
                  "skipped": false
                },
                {
                  "title": "Validate if feedback \"percentage\" finish earlier  than 200 ms",
                  "fullTitle": "Threshold time testing -5396.032168092317-   First Class of Feedback Validate if feedback \"percentage\" finish earlier  than 200 ms",
                  "timedOut": false,
                  "duration": 3,
                  "state": "passed",
                  "speed": "fast",
                  "pass": true,
                  "fail": false,
                  "pending": false,
                  "context": null,
                  "code": "var self = this, args = arguments; return new Promise(function (resolve, reject) { var gen = fn.apply(self, args); function _next(value) { asyncGeneratorStep(gen, resolve, reject, _next, _throw, \"next\", value); } function _throw(err) { asyncGeneratorStep(gen, resolve, reject, _next, _throw, \"throw\", err); } _next(undefined); });",
                  "err": {},
                  "uuid": "9bb5aabd-d27c-4f67-bf95-25946d1e6adc",
                  "parentUUID": "744636f3-b815-4d84-9bd8-6f2e3a070b6d",
                  "isHook": false,
                  "skipped": false
                },
                {
                  "title": "Validate if feedback \"submissionNumbers\" finish earlier  than 200 ms",
                  "fullTitle": "Threshold time testing -5396.032168092317-   First Class of Feedback Validate if feedback \"submissionNumbers\" finish earlier  than 200 ms",
                  "timedOut": false,
                  "duration": 4,
                  "state": "passed",
                  "speed": "fast",
                  "pass": true,
                  "fail": false,
                  "pending": false,
                  "context": null,
                  "code": "var self = this, args = arguments; return new Promise(function (resolve, reject) { var gen = fn.apply(self, args); function _next(value) { asyncGeneratorStep(gen, resolve, reject, _next, _throw, \"next\", value); } function _throw(err) { asyncGeneratorStep(gen, resolve, reject, _next, _throw, \"throw\", err); } _next(undefined); });",
                  "err": {},
                  "uuid": "01a90070-8db6-42cc-9d7d-1cb23f5fb583",
                  "parentUUID": "744636f3-b815-4d84-9bd8-6f2e3a070b6d",
                  "isHook": false,
                  "skipped": false
                },
                {
                  "title": "Validate if feedback \"alreadyDidItBefore\" finish earlier  than 200 ms",
                  "fullTitle": "Threshold time testing -5396.032168092317-   First Class of Feedback Validate if feedback \"alreadyDidItBefore\" finish earlier  than 200 ms",
                  "timedOut": false,
                  "duration": 7,
                  "state": "passed",
                  "speed": "fast",
                  "pass": true,
                  "fail": false,
                  "pending": false,
                  "context": null,
                  "code": "var self = this, args = arguments; return new Promise(function (resolve, reject) { var gen = fn.apply(self, args); function _next(value) { asyncGeneratorStep(gen, resolve, reject, _next, _throw, \"next\", value); } function _throw(err) { asyncGeneratorStep(gen, resolve, reject, _next, _throw, \"throw\", err); } _next(undefined); });",
                  "err": {},
                  "uuid": "b3495d70-6eda-420f-92ea-5a4f4bb8a309",
                  "parentUUID": "744636f3-b815-4d84-9bd8-6f2e3a070b6d",
                  "isHook": false,
                  "skipped": false
                },
                {
                  "title": "Validate if feedback \"frequemcy\" finish earlier  than 200 ms",
                  "fullTitle": "Threshold time testing -5396.032168092317-   First Class of Feedback Validate if feedback \"frequemcy\" finish earlier  than 200 ms",
                  "timedOut": false,
                  "duration": 6,
                  "state": "passed",
                  "speed": "fast",
                  "pass": true,
                  "fail": false,
                  "pending": false,
                  "context": null,
                  "code": "var self = this, args = arguments; return new Promise(function (resolve, reject) { var gen = fn.apply(self, args); function _next(value) { asyncGeneratorStep(gen, resolve, reject, _next, _throw, \"next\", value); } function _throw(err) { asyncGeneratorStep(gen, resolve, reject, _next, _throw, \"throw\", err); } _next(undefined); });",
                  "err": {},
                  "uuid": "ac6582cd-085a-4089-8261-082cd2ff1501",
                  "parentUUID": "744636f3-b815-4d84-9bd8-6f2e3a070b6d",
                  "isHook": false,
                  "skipped": false
                },
                {
                  "title": "Validate if feedback \"hint\" finish earlier  than 100 ms",
                  "fullTitle": "Threshold time testing -5396.032168092317-   First Class of Feedback Validate if feedback \"hint\" finish earlier  than 100 ms",
                  "timedOut": false,
                  "duration": 5,
                  "state": "passed",
                  "speed": "fast",
                  "pass": true,
                  "fail": false,
                  "pending": false,
                  "context": null,
                  "code": "var self = this, args = arguments; return new Promise(function (resolve, reject) { var gen = fn.apply(self, args); function _next(value) { asyncGeneratorStep(gen, resolve, reject, _next, _throw, \"next\", value); } function _throw(err) { asyncGeneratorStep(gen, resolve, reject, _next, _throw, \"throw\", err); } _next(undefined); });",
                  "err": {},
                  "uuid": "a3f54c7a-b120-444b-9b79-4315b5daecfa",
                  "parentUUID": "744636f3-b815-4d84-9bd8-6f2e3a070b6d",
                  "isHook": false,
                  "skipped": false
                },
                {
                  "title": "Validate if feedback \"inputTestCase\" finish earlier  than 200 ms",
                  "fullTitle": "Threshold time testing -5396.032168092317-   First Class of Feedback Validate if feedback \"inputTestCase\" finish earlier  than 200 ms",
                  "timedOut": false,
                  "duration": 5,
                  "state": "passed",
                  "speed": "fast",
                  "pass": true,
                  "fail": false,
                  "pending": false,
                  "context": null,
                  "code": "var self = this, args = arguments; return new Promise(function (resolve, reject) { var gen = fn.apply(self, args); function _next(value) { asyncGeneratorStep(gen, resolve, reject, _next, _throw, \"next\", value); } function _throw(err) { asyncGeneratorStep(gen, resolve, reject, _next, _throw, \"throw\", err); } _next(undefined); });",
                  "err": {},
                  "uuid": "21ac7359-62c0-496e-b6a8-e2e80317d39a",
                  "parentUUID": "744636f3-b815-4d84-9bd8-6f2e3a070b6d",
                  "isHook": false,
                  "skipped": false
                },
                {
                  "title": "Validate if feedback \"motivate\" finish earlier  than 200 ms",
                  "fullTitle": "Threshold time testing -5396.032168092317-   First Class of Feedback Validate if feedback \"motivate\" finish earlier  than 200 ms",
                  "timedOut": false,
                  "duration": 8,
                  "state": "passed",
                  "speed": "fast",
                  "pass": true,
                  "fail": false,
                  "pending": false,
                  "context": null,
                  "code": "var self = this, args = arguments; return new Promise(function (resolve, reject) { var gen = fn.apply(self, args); function _next(value) { asyncGeneratorStep(gen, resolve, reject, _next, _throw, \"next\", value); } function _throw(err) { asyncGeneratorStep(gen, resolve, reject, _next, _throw, \"throw\", err); } _next(undefined); });",
                  "err": {},
                  "uuid": "ef8b05c0-792c-4475-bc11-666cfac48f33",
                  "parentUUID": "744636f3-b815-4d84-9bd8-6f2e3a070b6d",
                  "isHook": false,
                  "skipped": false
                },
                {
                  "title": "Validate if feedback \"motivateHarder\" finish earlier  than 200 ms",
                  "fullTitle": "Threshold time testing -5396.032168092317-   First Class of Feedback Validate if feedback \"motivateHarder\" finish earlier  than 200 ms",
                  "timedOut": false,
                  "duration": 4,
                  "state": "passed",
                  "speed": "fast",
                  "pass": true,
                  "fail": false,
                  "pending": false,
                  "context": null,
                  "code": "var self = this, args = arguments; return new Promise(function (resolve, reject) { var gen = fn.apply(self, args); function _next(value) { asyncGeneratorStep(gen, resolve, reject, _next, _throw, \"next\", value); } function _throw(err) { asyncGeneratorStep(gen, resolve, reject, _next, _throw, \"throw\", err); } _next(undefined); });",
                  "err": {},
                  "uuid": "bc1bdf90-15f1-44ba-b352-86360bdfed16",
                  "parentUUID": "744636f3-b815-4d84-9bd8-6f2e3a070b6d",
                  "isHook": false,
                  "skipped": false
                },
                {
                  "title": "Validate if feedback \"outputTestCase\" finish earlier  than 200 ms",
                  "fullTitle": "Threshold time testing -5396.032168092317-   First Class of Feedback Validate if feedback \"outputTestCase\" finish earlier  than 200 ms",
                  "timedOut": false,
                  "duration": 5,
                  "state": "passed",
                  "speed": "fast",
                  "pass": true,
                  "fail": false,
                  "pending": false,
                  "context": null,
                  "code": "var self = this, args = arguments; return new Promise(function (resolve, reject) { var gen = fn.apply(self, args); function _next(value) { asyncGeneratorStep(gen, resolve, reject, _next, _throw, \"next\", value); } function _throw(err) { asyncGeneratorStep(gen, resolve, reject, _next, _throw, \"throw\", err); } _next(undefined); });",
                  "err": {},
                  "uuid": "34597aab-ffc8-434e-bb74-221ade3834e0",
                  "parentUUID": "744636f3-b815-4d84-9bd8-6f2e3a070b6d",
                  "isHook": false,
                  "skipped": false
                },
                {
                  "title": "Validate if feedback \"percentage\" finish earlier  than 200 ms",
                  "fullTitle": "Threshold time testing -5396.032168092317-   First Class of Feedback Validate if feedback \"percentage\" finish earlier  than 200 ms",
                  "timedOut": false,
                  "duration": 5,
                  "state": "passed",
                  "speed": "fast",
                  "pass": true,
                  "fail": false,
                  "pending": false,
                  "context": null,
                  "code": "var self = this, args = arguments; return new Promise(function (resolve, reject) { var gen = fn.apply(self, args); function _next(value) { asyncGeneratorStep(gen, resolve, reject, _next, _throw, \"next\", value); } function _throw(err) { asyncGeneratorStep(gen, resolve, reject, _next, _throw, \"throw\", err); } _next(undefined); });",
                  "err": {},
                  "uuid": "2a152135-9250-49ef-9370-404b9baf1c78",
                  "parentUUID": "744636f3-b815-4d84-9bd8-6f2e3a070b6d",
                  "isHook": false,
                  "skipped": false
                },
                {
                  "title": "Validate if feedback \"submissionNumbers\" finish earlier  than 200 ms",
                  "fullTitle": "Threshold time testing -5396.032168092317-   First Class of Feedback Validate if feedback \"submissionNumbers\" finish earlier  than 200 ms",
                  "timedOut": false,
                  "duration": 10,
                  "state": "passed",
                  "speed": "fast",
                  "pass": true,
                  "fail": false,
                  "pending": false,
                  "context": null,
                  "code": "var self = this, args = arguments; return new Promise(function (resolve, reject) { var gen = fn.apply(self, args); function _next(value) { asyncGeneratorStep(gen, resolve, reject, _next, _throw, \"next\", value); } function _throw(err) { asyncGeneratorStep(gen, resolve, reject, _next, _throw, \"throw\", err); } _next(undefined); });",
                  "err": {},
                  "uuid": "125c1b86-b429-465e-bac1-6411c37efda3",
                  "parentUUID": "744636f3-b815-4d84-9bd8-6f2e3a070b6d",
                  "isHook": false,
                  "skipped": false
                },
                {
                  "title": "Validate if feedback \"alreadyDidItBefore\" finish earlier  than 200 ms",
                  "fullTitle": "Threshold time testing -5396.032168092317-   First Class of Feedback Validate if feedback \"alreadyDidItBefore\" finish earlier  than 200 ms",
                  "timedOut": false,
                  "duration": 5,
                  "state": "passed",
                  "speed": "fast",
                  "pass": true,
                  "fail": false,
                  "pending": false,
                  "context": null,
                  "code": "var self = this, args = arguments; return new Promise(function (resolve, reject) { var gen = fn.apply(self, args); function _next(value) { asyncGeneratorStep(gen, resolve, reject, _next, _throw, \"next\", value); } function _throw(err) { asyncGeneratorStep(gen, resolve, reject, _next, _throw, \"throw\", err); } _next(undefined); });",
                  "err": {},
                  "uuid": "9652d8d3-238d-454b-a090-a6256dabd61b",
                  "parentUUID": "744636f3-b815-4d84-9bd8-6f2e3a070b6d",
                  "isHook": false,
                  "skipped": false
                },
                {
                  "title": "Validate if feedback \"frequemcy\" finish earlier  than 200 ms",
                  "fullTitle": "Threshold time testing -5396.032168092317-   First Class of Feedback Validate if feedback \"frequemcy\" finish earlier  than 200 ms",
                  "timedOut": false,
                  "duration": 5,
                  "state": "passed",
                  "speed": "fast",
                  "pass": true,
                  "fail": false,
                  "pending": false,
                  "context": null,
                  "code": "var self = this, args = arguments; return new Promise(function (resolve, reject) { var gen = fn.apply(self, args); function _next(value) { asyncGeneratorStep(gen, resolve, reject, _next, _throw, \"next\", value); } function _throw(err) { asyncGeneratorStep(gen, resolve, reject, _next, _throw, \"throw\", err); } _next(undefined); });",
                  "err": {},
                  "uuid": "778694ed-ff68-4971-b813-5d0d5eee2ef5",
                  "parentUUID": "744636f3-b815-4d84-9bd8-6f2e3a070b6d",
                  "isHook": false,
                  "skipped": false
                },
                {
                  "title": "Validate if feedback \"hint\" finish earlier  than 100 ms",
                  "fullTitle": "Threshold time testing -5396.032168092317-   First Class of Feedback Validate if feedback \"hint\" finish earlier  than 100 ms",
                  "timedOut": false,
                  "duration": 7,
                  "state": "failed",
                  "speed": null,
                  "pass": false,
                  "fail": true,
                  "pending": false,
                  "context": null,
                  "code": "var self = this, args = arguments; return new Promise(function (resolve, reject) { var gen = fn.apply(self, args); function _next(value) { asyncGeneratorStep(gen, resolve, reject, _next, _throw, \"next\", value); } function _throw(err) { asyncGeneratorStep(gen, resolve, reject, _next, _throw, \"throw\", err); } _next(undefined); });",
                  "err": {
                    "message": "AssertionError: expected 100.44559999927878 to be below 100",
                    "estack": "AssertionError: expected 100.44559999927878 to be below 100\n    at _callee2$ (dist-server/tests/sample-tests.js:155:47)\n    at tryCatch (node_modules/regenerator-runtime/runtime.js:63:40)\n    at Generator.invoke [as _invoke] (node_modules/regenerator-runtime/runtime.js:294:22)\n    at Generator.next (node_modules/regenerator-runtime/runtime.js:119:21)\n    at asyncGeneratorStep (dist-server/tests/sample-tests.js:25:103)\n    at _next (dist-server/tests/sample-tests.js:27:194)\n    at processTicksAndRejections (internal/process/task_queues.js:95:5)",
                    "diff": "- 100.44559999927878\n+ 100\n"
                  },
                  "uuid": "e31ddd49-f4c9-45a5-97ae-ad10ac1e2f10",
                  "parentUUID": "744636f3-b815-4d84-9bd8-6f2e3a070b6d",
                  "isHook": false,
                  "skipped": false
                },
                {
                  "title": "Validate if feedback \"inputTestCase\" finish earlier  than 200 ms",
                  "fullTitle": "Threshold time testing -5396.032168092317-   First Class of Feedback Validate if feedback \"inputTestCase\" finish earlier  than 200 ms",
                  "timedOut": false,
                  "duration": 4,
                  "state": "passed",
                  "speed": "fast",
                  "pass": true,
                  "fail": false,
                  "pending": false,
                  "context": null,
                  "code": "var self = this, args = arguments; return new Promise(function (resolve, reject) { var gen = fn.apply(self, args); function _next(value) { asyncGeneratorStep(gen, resolve, reject, _next, _throw, \"next\", value); } function _throw(err) { asyncGeneratorStep(gen, resolve, reject, _next, _throw, \"throw\", err); } _next(undefined); });",
                  "err": {},
                  "uuid": "036048f4-4994-4c84-a595-b9826d1d0993",
                  "parentUUID": "744636f3-b815-4d84-9bd8-6f2e3a070b6d",
                  "isHook": false,
                  "skipped": false
                },
                {
                  "title": "Validate if feedback \"motivate\" finish earlier  than 200 ms",
                  "fullTitle": "Threshold time testing -5396.032168092317-   First Class of Feedback Validate if feedback \"motivate\" finish earlier  than 200 ms",
                  "timedOut": false,
                  "duration": 5,
                  "state": "passed",
                  "speed": "fast",
                  "pass": true,
                  "fail": false,
                  "pending": false,
                  "context": null,
                  "code": "var self = this, args = arguments; return new Promise(function (resolve, reject) { var gen = fn.apply(self, args); function _next(value) { asyncGeneratorStep(gen, resolve, reject, _next, _throw, \"next\", value); } function _throw(err) { asyncGeneratorStep(gen, resolve, reject, _next, _throw, \"throw\", err); } _next(undefined); });",
                  "err": {},
                  "uuid": "d4d47ffe-c62a-481f-bdb1-d931e188dc51",
                  "parentUUID": "744636f3-b815-4d84-9bd8-6f2e3a070b6d",
                  "isHook": false,
                  "skipped": false
                },
                {
                  "title": "Validate if feedback \"motivateHarder\" finish earlier  than 200 ms",
                  "fullTitle": "Threshold time testing -5396.032168092317-   First Class of Feedback Validate if feedback \"motivateHarder\" finish earlier  than 200 ms",
                  "timedOut": false,
                  "duration": 4,
                  "state": "passed",
                  "speed": "fast",
                  "pass": true,
                  "fail": false,
                  "pending": false,
                  "context": null,
                  "code": "var self = this, args = arguments; return new Promise(function (resolve, reject) { var gen = fn.apply(self, args); function _next(value) { asyncGeneratorStep(gen, resolve, reject, _next, _throw, \"next\", value); } function _throw(err) { asyncGeneratorStep(gen, resolve, reject, _next, _throw, \"throw\", err); } _next(undefined); });",
                  "err": {},
                  "uuid": "84556cbd-1a66-4046-b77b-3376219f8e97",
                  "parentUUID": "744636f3-b815-4d84-9bd8-6f2e3a070b6d",
                  "isHook": false,
                  "skipped": false
                },
                {
                  "title": "Validate if feedback \"outputTestCase\" finish earlier  than 200 ms",
                  "fullTitle": "Threshold time testing -5396.032168092317-   First Class of Feedback Validate if feedback \"outputTestCase\" finish earlier  than 200 ms",
                  "timedOut": false,
                  "duration": 5,
                  "state": "passed",
                  "speed": "fast",
                  "pass": true,
                  "fail": false,
                  "pending": false,
                  "context": null,
                  "code": "var self = this, args = arguments; return new Promise(function (resolve, reject) { var gen = fn.apply(self, args); function _next(value) { asyncGeneratorStep(gen, resolve, reject, _next, _throw, \"next\", value); } function _throw(err) { asyncGeneratorStep(gen, resolve, reject, _next, _throw, \"throw\", err); } _next(undefined); });",
                  "err": {},
                  "uuid": "4a7eb9c0-358b-4000-8adf-203fa4e66eb3",
                  "parentUUID": "744636f3-b815-4d84-9bd8-6f2e3a070b6d",
                  "isHook": false,
                  "skipped": false
                },
                {
                  "title": "Validate if feedback \"percentage\" finish earlier  than 200 ms",
                  "fullTitle": "Threshold time testing -5396.032168092317-   First Class of Feedback Validate if feedback \"percentage\" finish earlier  than 200 ms",
                  "timedOut": false,
                  "duration": 4,
                  "state": "passed",
                  "speed": "fast",
                  "pass": true,
                  "fail": false,
                  "pending": false,
                  "context": null,
                  "code": "var self = this, args = arguments; return new Promise(function (resolve, reject) { var gen = fn.apply(self, args); function _next(value) { asyncGeneratorStep(gen, resolve, reject, _next, _throw, \"next\", value); } function _throw(err) { asyncGeneratorStep(gen, resolve, reject, _next, _throw, \"throw\", err); } _next(undefined); });",
                  "err": {},
                  "uuid": "b595cf74-897c-4475-bd48-6af52d34e1f7",
                  "parentUUID": "744636f3-b815-4d84-9bd8-6f2e3a070b6d",
                  "isHook": false,
                  "skipped": false
                },
                {
                  "title": "Validate if feedback \"submissionNumbers\" finish earlier  than 200 ms",
                  "fullTitle": "Threshold time testing -5396.032168092317-   First Class of Feedback Validate if feedback \"submissionNumbers\" finish earlier  than 200 ms",
                  "timedOut": false,
                  "duration": 5,
                  "state": "passed",
                  "speed": "fast",
                  "pass": true,
                  "fail": false,
                  "pending": false,
                  "context": null,
                  "code": "var self = this, args = arguments; return new Promise(function (resolve, reject) { var gen = fn.apply(self, args); function _next(value) { asyncGeneratorStep(gen, resolve, reject, _next, _throw, \"next\", value); } function _throw(err) { asyncGeneratorStep(gen, resolve, reject, _next, _throw, \"throw\", err); } _next(undefined); });",
                  "err": {},
                  "uuid": "b0c833a3-0679-4188-8d16-3063df9dc7bc",
                  "parentUUID": "744636f3-b815-4d84-9bd8-6f2e3a070b6d",
                  "isHook": false,
                  "skipped": false
                }
              ],
              "suites": [],
              "passes": [
                "68e548af-6ab2-4967-b568-3bb7869bdf68",
                "9e7c8291-df9d-41df-90f6-833b763dbb2a",
                "44130bb4-dfae-4ebc-a1a9-ef5a62f1bcff",
                "7b45ae28-4bd9-4222-a54e-6e8e852ad145",
                "2234a087-ad4f-4c7c-981f-0ae758f24a29",
                "2f8bace2-38b8-42e2-8e45-5bf70627ee6b",
                "b16be5d4-e0eb-4c8c-9d7c-26dbc723a1b2",
                "9bb5aabd-d27c-4f67-bf95-25946d1e6adc",
                "01a90070-8db6-42cc-9d7d-1cb23f5fb583",
                "b3495d70-6eda-420f-92ea-5a4f4bb8a309",
                "ac6582cd-085a-4089-8261-082cd2ff1501",
                "a3f54c7a-b120-444b-9b79-4315b5daecfa",
                "21ac7359-62c0-496e-b6a8-e2e80317d39a",
                "ef8b05c0-792c-4475-bc11-666cfac48f33",
                "bc1bdf90-15f1-44ba-b352-86360bdfed16",
                "34597aab-ffc8-434e-bb74-221ade3834e0",
                "2a152135-9250-49ef-9370-404b9baf1c78",
                "125c1b86-b429-465e-bac1-6411c37efda3",
                "9652d8d3-238d-454b-a090-a6256dabd61b",
                "778694ed-ff68-4971-b813-5d0d5eee2ef5",
                "036048f4-4994-4c84-a595-b9826d1d0993",
                "d4d47ffe-c62a-481f-bdb1-d931e188dc51",
                "84556cbd-1a66-4046-b77b-3376219f8e97",
                "4a7eb9c0-358b-4000-8adf-203fa4e66eb3",
                "b595cf74-897c-4475-bd48-6af52d34e1f7",
                "b0c833a3-0679-4188-8d16-3063df9dc7bc"
              ],
              "failures": [
                "e31ddd49-f4c9-45a5-97ae-ad10ac1e2f10"
              ],
              "pending": [],
              "skipped": [],
              "duration": 128,
              "root": false,
              "rootEmpty": false,
              "_timeout": 200000
            }
          ],
          "passes": [],
          "failures": [],
          "pending": [],
          "skipped": [],
          "duration": 0,
          "root": false,
          "rootEmpty": false,
          "_timeout": 200000
        }
      ],
      "passes": [],
      "failures": [],
      "pending": [],
      "skipped": [],
      "duration": 0,
      "root": true,
      "rootEmpty": true,
      "_timeout": 200000
    }
  ],
  "meta": {
    "mocha": {
      "version": "9.2.1"
    },
    "mochawesome": {
      "options": {
        "quiet": false,
        "reportFilename": "mochawesome",
        "saveHtml": true,
        "saveJson": true,
        "consoleReporter": "spec",
        "useInlineDiffs": false,
        "code": true
      },
      "version": "7.0.1"
    },
    "marge": {
      "options": {
        "reportDir": "/mnt/e/INESC TEC/feedback-manager/public/execution-report/2022/04/04/20/20/34",
        "reportTitle": "Test Execution Report",
        "reportPageTitle": "Test Report",
        "charts": true
      },
      "version": "6.0.1"
    }
  }
}