{
  "stats": {
    "suites": 2,
    "tests": 9,
    "passes": 8,
    "pending": 0,
    "failures": 1,
    "start": "2022-04-04T19:28:49.530Z",
    "end": "2022-04-04T19:28:49.560Z",
    "duration": 30,
    "testsRegistered": 9,
    "passPercent": 88.88888888888889,
    "pendingPercent": 0,
    "other": 0,
    "hasOther": false,
    "skipped": 0,
    "hasSkipped": false
  },
  "results": [
    {
      "uuid": "125a149c-774a-4950-af90-5b707273b948",
      "title": "",
      "fullFile": "",
      "file": "",
      "beforeHooks": [],
      "afterHooks": [],
      "tests": [],
      "suites": [
        {
          "uuid": "a4a89b20-5ad3-4d69-960b-463f11e8ea3f",
          "title": "Threshold time testing -7358.280252212059- ",
          "fullFile": "",
          "file": "",
          "beforeHooks": [],
          "afterHooks": [],
          "tests": [],
          "suites": [
            {
              "uuid": "31539c18-8313-456d-a3f0-13af0e562573",
              "title": "-8888.367449311416 - ",
              "fullFile": "",
              "file": "",
              "beforeHooks": [],
              "afterHooks": [],
              "tests": [
                {
                  "title": "Validate if feedback \"alreadyDidItBefore\" finish earlier  than 200 ms",
                  "fullTitle": "Threshold time testing -7358.280252212059-  -8888.367449311416 -  Validate if feedback \"alreadyDidItBefore\" finish earlier  than 200 ms",
                  "timedOut": false,
                  "duration": 6,
                  "state": "passed",
                  "speed": "fast",
                  "pass": true,
                  "fail": false,
                  "pending": false,
                  "context": null,
                  "code": "var self = this, args = arguments; return new Promise(function (resolve, reject) { var gen = fn.apply(self, args); function _next(value) { asyncGeneratorStep(gen, resolve, reject, _next, _throw, \"next\", value); } function _throw(err) { asyncGeneratorStep(gen, resolve, reject, _next, _throw, \"throw\", err); } _next(undefined); });",
                  "err": {},
                  "uuid": "165639fc-f1d2-45a2-97c4-20e077ebe78d",
                  "parentUUID": "31539c18-8313-456d-a3f0-13af0e562573",
                  "isHook": false,
                  "skipped": false
                },
                {
                  "title": "Validate if feedback \"frequemcy\" finish earlier  than 200 ms",
                  "fullTitle": "Threshold time testing -7358.280252212059-  -8888.367449311416 -  Validate if feedback \"frequemcy\" finish earlier  than 200 ms",
                  "timedOut": false,
                  "duration": 2,
                  "state": "passed",
                  "speed": "fast",
                  "pass": true,
                  "fail": false,
                  "pending": false,
                  "context": null,
                  "code": "var self = this, args = arguments; return new Promise(function (resolve, reject) { var gen = fn.apply(self, args); function _next(value) { asyncGeneratorStep(gen, resolve, reject, _next, _throw, \"next\", value); } function _throw(err) { asyncGeneratorStep(gen, resolve, reject, _next, _throw, \"throw\", err); } _next(undefined); });",
                  "err": {},
                  "uuid": "5e50dd43-1c17-422b-bac0-3cfb65701e01",
                  "parentUUID": "31539c18-8313-456d-a3f0-13af0e562573",
                  "isHook": false,
                  "skipped": false
                },
                {
                  "title": "Validate if feedback \"hint\" finish earlier  than 100 ms",
                  "fullTitle": "Threshold time testing -7358.280252212059-  -8888.367449311416 -  Validate if feedback \"hint\" finish earlier  than 100 ms",
                  "timedOut": false,
                  "duration": 2,
                  "state": "failed",
                  "speed": null,
                  "pass": false,
                  "fail": true,
                  "pending": false,
                  "context": null,
                  "code": "var self = this, args = arguments; return new Promise(function (resolve, reject) { var gen = fn.apply(self, args); function _next(value) { asyncGeneratorStep(gen, resolve, reject, _next, _throw, \"next\", value); } function _throw(err) { asyncGeneratorStep(gen, resolve, reject, _next, _throw, \"throw\", err); } _next(undefined); });",
                  "err": {
                    "message": "AssertionError: expected 114.70189999975264 to be below 100",
                    "estack": "AssertionError: expected 114.70189999975264 to be below 100\n    at _callee2$ (dist-server/tests/sample-tests.js:156:47)\n    at tryCatch (node_modules/regenerator-runtime/runtime.js:63:40)\n    at Generator.invoke [as _invoke] (node_modules/regenerator-runtime/runtime.js:294:22)\n    at Generator.next (node_modules/regenerator-runtime/runtime.js:119:21)\n    at asyncGeneratorStep (dist-server/tests/sample-tests.js:25:103)\n    at _next (dist-server/tests/sample-tests.js:27:194)\n    at processTicksAndRejections (internal/process/task_queues.js:95:5)",
                    "diff": "- 114.70189999975264\n+ 100\n"
                  },
                  "uuid": "cbc940a2-ef91-40aa-ac38-c77ef4d2d527",
                  "parentUUID": "31539c18-8313-456d-a3f0-13af0e562573",
                  "isHook": false,
                  "skipped": false
                },
                {
                  "title": "Validate if feedback \"inputTestCase\" finish earlier  than 200 ms",
                  "fullTitle": "Threshold time testing -7358.280252212059-  -8888.367449311416 -  Validate if feedback \"inputTestCase\" finish earlier  than 200 ms",
                  "timedOut": false,
                  "duration": 2,
                  "state": "passed",
                  "speed": "fast",
                  "pass": true,
                  "fail": false,
                  "pending": false,
                  "context": null,
                  "code": "var self = this, args = arguments; return new Promise(function (resolve, reject) { var gen = fn.apply(self, args); function _next(value) { asyncGeneratorStep(gen, resolve, reject, _next, _throw, \"next\", value); } function _throw(err) { asyncGeneratorStep(gen, resolve, reject, _next, _throw, \"throw\", err); } _next(undefined); });",
                  "err": {},
                  "uuid": "ecdb9552-0765-45b0-b774-55d53b04339e",
                  "parentUUID": "31539c18-8313-456d-a3f0-13af0e562573",
                  "isHook": false,
                  "skipped": false
                },
                {
                  "title": "Validate if feedback \"motivate\" finish earlier  than 200 ms",
                  "fullTitle": "Threshold time testing -7358.280252212059-  -8888.367449311416 -  Validate if feedback \"motivate\" finish earlier  than 200 ms",
                  "timedOut": false,
                  "duration": 1,
                  "state": "passed",
                  "speed": "fast",
                  "pass": true,
                  "fail": false,
                  "pending": false,
                  "context": null,
                  "code": "var self = this, args = arguments; return new Promise(function (resolve, reject) { var gen = fn.apply(self, args); function _next(value) { asyncGeneratorStep(gen, resolve, reject, _next, _throw, \"next\", value); } function _throw(err) { asyncGeneratorStep(gen, resolve, reject, _next, _throw, \"throw\", err); } _next(undefined); });",
                  "err": {},
                  "uuid": "566d38d9-1bbf-49bc-bdc0-6b2d13584627",
                  "parentUUID": "31539c18-8313-456d-a3f0-13af0e562573",
                  "isHook": false,
                  "skipped": false
                },
                {
                  "title": "Validate if feedback \"motivateHarder\" finish earlier  than 200 ms",
                  "fullTitle": "Threshold time testing -7358.280252212059-  -8888.367449311416 -  Validate if feedback \"motivateHarder\" finish earlier  than 200 ms",
                  "timedOut": false,
                  "duration": 1,
                  "state": "passed",
                  "speed": "fast",
                  "pass": true,
                  "fail": false,
                  "pending": false,
                  "context": null,
                  "code": "var self = this, args = arguments; return new Promise(function (resolve, reject) { var gen = fn.apply(self, args); function _next(value) { asyncGeneratorStep(gen, resolve, reject, _next, _throw, \"next\", value); } function _throw(err) { asyncGeneratorStep(gen, resolve, reject, _next, _throw, \"throw\", err); } _next(undefined); });",
                  "err": {},
                  "uuid": "6785df4c-8dff-4443-9558-b438f6b0bcf9",
                  "parentUUID": "31539c18-8313-456d-a3f0-13af0e562573",
                  "isHook": false,
                  "skipped": false
                },
                {
                  "title": "Validate if feedback \"outputTestCase\" finish earlier  than 200 ms",
                  "fullTitle": "Threshold time testing -7358.280252212059-  -8888.367449311416 -  Validate if feedback \"outputTestCase\" finish earlier  than 200 ms",
                  "timedOut": false,
                  "duration": 1,
                  "state": "passed",
                  "speed": "fast",
                  "pass": true,
                  "fail": false,
                  "pending": false,
                  "context": null,
                  "code": "var self = this, args = arguments; return new Promise(function (resolve, reject) { var gen = fn.apply(self, args); function _next(value) { asyncGeneratorStep(gen, resolve, reject, _next, _throw, \"next\", value); } function _throw(err) { asyncGeneratorStep(gen, resolve, reject, _next, _throw, \"throw\", err); } _next(undefined); });",
                  "err": {},
                  "uuid": "7f3cb4dd-daa5-47a7-bad4-bf912740a85a",
                  "parentUUID": "31539c18-8313-456d-a3f0-13af0e562573",
                  "isHook": false,
                  "skipped": false
                },
                {
                  "title": "Validate if feedback \"percentage\" finish earlier  than 200 ms",
                  "fullTitle": "Threshold time testing -7358.280252212059-  -8888.367449311416 -  Validate if feedback \"percentage\" finish earlier  than 200 ms",
                  "timedOut": false,
                  "duration": 1,
                  "state": "passed",
                  "speed": "fast",
                  "pass": true,
                  "fail": false,
                  "pending": false,
                  "context": null,
                  "code": "var self = this, args = arguments; return new Promise(function (resolve, reject) { var gen = fn.apply(self, args); function _next(value) { asyncGeneratorStep(gen, resolve, reject, _next, _throw, \"next\", value); } function _throw(err) { asyncGeneratorStep(gen, resolve, reject, _next, _throw, \"throw\", err); } _next(undefined); });",
                  "err": {},
                  "uuid": "dea7b4fa-2b01-4a64-8749-e5e5f0d61c83",
                  "parentUUID": "31539c18-8313-456d-a3f0-13af0e562573",
                  "isHook": false,
                  "skipped": false
                },
                {
                  "title": "Validate if feedback \"submissionNumbers\" finish earlier  than 200 ms",
                  "fullTitle": "Threshold time testing -7358.280252212059-  -8888.367449311416 -  Validate if feedback \"submissionNumbers\" finish earlier  than 200 ms",
                  "timedOut": false,
                  "duration": 2,
                  "state": "passed",
                  "speed": "fast",
                  "pass": true,
                  "fail": false,
                  "pending": false,
                  "context": null,
                  "code": "var self = this, args = arguments; return new Promise(function (resolve, reject) { var gen = fn.apply(self, args); function _next(value) { asyncGeneratorStep(gen, resolve, reject, _next, _throw, \"next\", value); } function _throw(err) { asyncGeneratorStep(gen, resolve, reject, _next, _throw, \"throw\", err); } _next(undefined); });",
                  "err": {},
                  "uuid": "3e97b461-ad24-4721-a5f0-ecaec4d4f36d",
                  "parentUUID": "31539c18-8313-456d-a3f0-13af0e562573",
                  "isHook": false,
                  "skipped": false
                }
              ],
              "suites": [],
              "passes": [
                "165639fc-f1d2-45a2-97c4-20e077ebe78d",
                "5e50dd43-1c17-422b-bac0-3cfb65701e01",
                "ecdb9552-0765-45b0-b774-55d53b04339e",
                "566d38d9-1bbf-49bc-bdc0-6b2d13584627",
                "6785df4c-8dff-4443-9558-b438f6b0bcf9",
                "7f3cb4dd-daa5-47a7-bad4-bf912740a85a",
                "dea7b4fa-2b01-4a64-8749-e5e5f0d61c83",
                "3e97b461-ad24-4721-a5f0-ecaec4d4f36d"
              ],
              "failures": [
                "cbc940a2-ef91-40aa-ac38-c77ef4d2d527"
              ],
              "pending": [],
              "skipped": [],
              "duration": 18,
              "root": false,
              "rootEmpty": false,
              "_timeout": 200000
            }
          ],
          "passes": [],
          "failures": [],
          "pending": [],
          "skipped": [],
          "duration": 0,
          "root": false,
          "rootEmpty": false,
          "_timeout": 200000
        }
      ],
      "passes": [],
      "failures": [],
      "pending": [],
      "skipped": [],
      "duration": 0,
      "root": true,
      "rootEmpty": true,
      "_timeout": 200000
    }
  ],
  "meta": {
    "mocha": {
      "version": "9.2.1"
    },
    "mochawesome": {
      "options": {
        "quiet": false,
        "reportFilename": "mochawesome",
        "saveHtml": true,
        "saveJson": true,
        "consoleReporter": "spec",
        "useInlineDiffs": false,
        "code": true
      },
      "version": "7.0.1"
    },
    "marge": {
      "options": {
        "reportDir": "/mnt/e/INESC TEC/feedback-manager/public/execution-report/2022/04/04/20/28/48",
        "reportTitle": "Test Execution Report",
        "reportPageTitle": "Test Report",
        "charts": true
      },
      "version": "6.0.1"
    }
  }
}